may 31, 2025 2:03:02 P.M. utils.MySQLConnection connect
INFO: Conexión exitosa a la base de datos
may 31, 2025 2:03:23 P.M. utils.MySQLConnection connect
INFO: Conexión exitosa a la base de datos
may 31, 2025 2:03:23 P.M. utils.MySQLConnection connect
INFO: Conexión exitosa a la base de datos
may 31, 2025 2:05:21 P.M. utils.MySQLConnection connect
INFO: Conexión exitosa a la base de datos
may 31, 2025 2:05:31 P.M. utils.MySQLConnection connect
INFO: Conexión exitosa a la base de datos
may 31, 2025 2:05:31 P.M. utils.MySQLConnection connect
INFO: Conexión exitosa a la base de datos
may 31, 2025 2:05:34 P.M. utils.MySQLConnection connect
INFO: Conexión exitosa a la base de datos
may 31, 2025 2:05:34 P.M. utils.MySQLConnection connect
INFO: Conexión exitosa a la base de datos
may 31, 2025 2:05:51 P.M. utils.MySQLConnection connect
INFO: Conexión exitosa a la base de datos
may 31, 2025 2:05:59 P.M. utils.MySQLConnection connect
INFO: Conexión exitosa a la base de datos
may 31, 2025 2:05:59 P.M. utils.MySQLConnection connect
INFO: Conexión exitosa a la base de datos
may 31, 2025 2:07:15 P.M. utils.MySQLConnection connect
INFO: Conexión exitosa a la base de datos
may 31, 2025 2:07:24 P.M. utils.MySQLConnection connect
INFO: Conexión exitosa a la base de datos
may 31, 2025 2:07:24 P.M. utils.MySQLConnection connect
INFO: Conexión exitosa a la base de datos
may 31, 2025 2:08:01 P.M. utils.MySQLConnection connect
INFO: Conexión exitosa a la base de datos
may 31, 2025 2:08:06 P.M. utils.MySQLConnection connect
INFO: Conexión exitosa a la base de datos
may 31, 2025 2:08:10 P.M. utils.MySQLConnection connect
INFO: Conexión exitosa a la base de datos
may 31, 2025 2:08:10 P.M. utils.MySQLConnection connect
INFO: Conexión exitosa a la base de datos
may 31, 2025 2:08:33 P.M. utils.MySQLConnection connect
INFO: Conexión exitosa a la base de datos
may 31, 2025 2:12:37 P.M. utils.MySQLConnection connect
INFO: Conexión exitosa a la base de datos
may 31, 2025 2:12:48 P.M. utils.MySQLConnection connect
INFO: Conexión exitosa a la base de datos
may 31, 2025 2:13:19 P.M. utils.MySQLConnection connect
INFO: Conexión exitosa a la base de datos
may 31, 2025 2:13:19 P.M. utils.MySQLConnection connect
INFO: Conexión exitosa a la base de datos
may 31, 2025 2:15:59 P.M. utils.MySQLConnection connect
INFO: Conexión exitosa a la base de datos
may 31, 2025 2:16:17 P.M. utils.MySQLConnection connect
INFO: Conexión exitosa a la base de datos
may 31, 2025 2:16:31 P.M. utils.MySQLConnection connect
INFO: Conexión exitosa a la base de datos
may 31, 2025 2:16:46 P.M. utils.MySQLConnection connect
INFO: Conexión exitosa a la base de datos
may 31, 2025 2:16:46 P.M. utils.MySQLConnection connect
INFO: Conexión exitosa a la base de datos
may 31, 2025 2:23:49 P.M. utils.MySQLConnection connect
INFO: Conexión exitosa a la base de datos
may 31, 2025 2:26:22 P.M. utils.MySQLConnection connect
INFO: Conexión exitosa a la base de datos
may 31, 2025 2:31:42 P.M. utils.MySQLConnection connect
INFO: Conexión exitosa a la base de datos
may 31, 2025 3:02:21 P.M. utils.MySQLConnection connect
INFO: Conexión exitosa a la base de datos
may 31, 2025 3:04:01 P.M. utils.MySQLConnection connect
INFO: Conexión exitosa a la base de datos
may 31, 2025 3:05:03 P.M. utils.MySQLConnection connect
INFO: Conexión exitosa a la base de datos
may 31, 2025 3:22:44 P.M. utils.MySQLConnection connect
INFO: Conexión exitosa a la base de datos
may 31, 2025 3:47:17 P.M. utils.MySQLConnection connect
INFO: Conexión exitosa a la base de datos
may 31, 2025 3:47:48 P.M. utils.MySQLConnection connect
INFO: Conexión exitosa a la base de datos
may 31, 2025 3:47:48 P.M. utils.MySQLConnection connect
INFO: Conexión exitosa a la base de datos
may 31, 2025 3:50:10 P.M. utils.MySQLConnection connect
INFO: Conexión exitosa a la base de datos
may 31, 2025 3:50:21 P.M. utils.MySQLConnection connect
INFO: Conexión exitosa a la base de datos
may 31, 2025 3:50:57 P.M. utils.MySQLConnection connect
INFO: Conexión exitosa a la base de datos
may 31, 2025 3:51:09 P.M. utils.MySQLConnection connect
INFO: Conexión exitosa a la base de datos
may 31, 2025 3:51:29 P.M. utils.MySQLConnection connect
INFO: Conexión exitosa a la base de datos
may 31, 2025 4:31:51 P.M. utils.MySQLConnection connect
INFO: Conexión exitosa a la base de datos
may 31, 2025 4:32:03 P.M. utils.MySQLConnection connect
INFO: Conexión exitosa a la base de datos
may 31, 2025 4:34:07 P.M. utils.MySQLConnection connect
INFO: Conexión exitosa a la base de datos
may 31, 2025 4:34:20 P.M. utils.MySQLConnection connect
INFO: Conexión exitosa a la base de datos
may 31, 2025 4:36:20 P.M. utils.MySQLConnection connect
INFO: Conexión exitosa a la base de datos
may 31, 2025 4:36:30 P.M. utils.MySQLConnection connect
INFO: Conexión exitosa a la base de datos
may 31, 2025 4:47:36 P.M. utils.MySQLConnection connect
INFO: Conexión exitosa a la base de datos
may 31, 2025 4:49:16 P.M. utils.MySQLConnection connect
INFO: Conexión exitosa a la base de datos
may 31, 2025 4:51:04 P.M. utils.MySQLConnection connect
INFO: Conexión exitosa a la base de datos
may 31, 2025 4:51:16 P.M. utils.MySQLConnection connect
INFO: Conexión exitosa a la base de datos
may 31, 2025 5:00:04 P.M. utils.MySQLConnection connect
INFO: Conexión exitosa a la base de datos
may 31, 2025 5:00:17 P.M. utils.MySQLConnection connect
INFO: Conexión exitosa a la base de datos
may 31, 2025 5:01:50 P.M. utils.MySQLConnection connect
INFO: Conexión exitosa a la base de datos
may 31, 2025 5:02:00 P.M. utils.MySQLConnection connect
INFO: Conexión exitosa a la base de datos
may 31, 2025 5:06:47 P.M. utils.MySQLConnection connect
INFO: Conexión exitosa a la base de datos
may 31, 2025 5:06:58 P.M. utils.MySQLConnection connect
INFO: Conexión exitosa a la base de datos
may 31, 2025 5:16:32 P.M. utils.MySQLConnection connect
INFO: Conexión exitosa a la base de datos
may 31, 2025 5:36:13 P.M. utils.MySQLConnection connect
INFO: Conexión exitosa a la base de datos
may 31, 2025 5:37:08 P.M. utils.MySQLConnection connect
INFO: Conexión exitosa a la base de datos
may 31, 2025 5:38:42 P.M. utils.MySQLConnection connect
INFO: Conexión exitosa a la base de datos
may 31, 2025 5:38:55 P.M. utils.MySQLConnection connect
INFO: Conexión exitosa a la base de datos
may 31, 2025 5:38:55 P.M. utils.MySQLConnection connect
INFO: Conexión exitosa a la base de datos
may 31, 2025 5:42:26 P.M. utils.MySQLConnection connect
INFO: Conexión exitosa a la base de datos
may 31, 2025 5:42:33 P.M. utils.MySQLConnection connect
INFO: Conexión exitosa a la base de datos
may 31, 2025 5:42:34 P.M. utils.MySQLConnection connect
INFO: Conexión exitosa a la base de datos
may 31, 2025 5:43:27 P.M. utils.MySQLConnection connect
INFO: Conexión exitosa a la base de datos
may 31, 2025 5:43:32 P.M. utils.MySQLConnection connect
INFO: Conexión exitosa a la base de datos
may 31, 2025 5:43:46 P.M. utils.MySQLConnection connect
INFO: Conexión exitosa a la base de datos
may 31, 2025 5:43:46 P.M. utils.MySQLConnection connect
INFO: Conexión exitosa a la base de datos
may 31, 2025 5:50:03 P.M. utils.MySQLConnection connect
INFO: Conexión exitosa a la base de datos
may 31, 2025 5:50:14 P.M. utils.MySQLConnection connect
INFO: Conexión exitosa a la base de datos
may 31, 2025 5:50:19 P.M. utils.MySQLConnection connect
INFO: Conexión exitosa a la base de datos
may 31, 2025 5:50:22 P.M. utils.MySQLConnection connect
INFO: Conexión exitosa a la base de datos
may 31, 2025 5:50:25 P.M. utils.MySQLConnection connect
INFO: Conexión exitosa a la base de datos
may 31, 2025 5:50:25 P.M. utils.MySQLConnection connect
INFO: Conexión exitosa a la base de datos
may 31, 2025 5:52:02 P.M. utils.MySQLConnection connect
INFO: Conexión exitosa a la base de datos
may 31, 2025 5:52:13 P.M. utils.MySQLConnection connect
INFO: Conexión exitosa a la base de datos
may 31, 2025 5:52:13 P.M. utils.MySQLConnection connect
INFO: Conexión exitosa a la base de datos
may 31, 2025 5:52:22 P.M. utils.MySQLConnection connect
INFO: Conexión exitosa a la base de datos
may 31, 2025 5:52:36 P.M. utils.MySQLConnection connect
INFO: Conexión exitosa a la base de datos
may 31, 2025 5:52:36 P.M. utils.MySQLConnection connect
INFO: Conexión exitosa a la base de datos
may 31, 2025 5:54:55 P.M. utils.MySQLConnection connect
INFO: Conexión exitosa a la base de datos
may 31, 2025 5:56:19 P.M. utils.MySQLConnection connect
INFO: Conexión exitosa a la base de datos
may 31, 2025 5:56:22 P.M. utils.MySQLConnection connect
INFO: Conexión exitosa a la base de datos
may 31, 2025 5:56:55 P.M. utils.MySQLConnection connect
INFO: Conexión exitosa a la base de datos
may 31, 2025 5:57:04 P.M. utils.MySQLConnection connect
INFO: Conexión exitosa a la base de datos
may 31, 2025 5:57:04 P.M. utils.MySQLConnection connect
INFO: Conexión exitosa a la base de datos
may 31, 2025 6:02:17 P.M. utils.MySQLConnection connect
INFO: Conexión exitosa a la base de datos
may 31, 2025 6:05:21 P.M. utils.MySQLConnection connect
INFO: Conexión exitosa a la base de datos
may 31, 2025 6:05:27 P.M. utils.MySQLConnection connect
INFO: Conexión exitosa a la base de datos
may 31, 2025 6:05:32 P.M. utils.MySQLConnection connect
INFO: Conexión exitosa a la base de datos
may 31, 2025 6:05:33 P.M. utils.MySQLConnection connect
INFO: Conexión exitosa a la base de datos
may 31, 2025 6:09:35 P.M. utils.MySQLConnection connect
INFO: Conexión exitosa a la base de datos
may 31, 2025 6:09:47 P.M. utils.MySQLConnection connect
INFO: Conexión exitosa a la base de datos
may 31, 2025 6:09:47 P.M. utils.MySQLConnection connect
INFO: Conexión exitosa a la base de datos
may 31, 2025 6:09:52 P.M. utils.MySQLConnection connect
INFO: Conexión exitosa a la base de datos
may 31, 2025 6:30:59 P.M. utils.MySQLConnection connect
INFO: Conexión exitosa a la base de datos
may 31, 2025 6:31:08 P.M. utils.MySQLConnection connect
INFO: Conexión exitosa a la base de datos
may 31, 2025 6:35:14 P.M. utils.MySQLConnection connect
INFO: Conexión exitosa a la base de datos
may 31, 2025 6:35:21 P.M. utils.MySQLConnection connect
INFO: Conexión exitosa a la base de datos
may 31, 2025 6:35:23 P.M. utils.MySQLConnection connect
INFO: Conexión exitosa a la base de datos
may 31, 2025 6:35:27 P.M. utils.MySQLConnection connect
INFO: Conexión exitosa a la base de datos
may 31, 2025 6:35:27 P.M. utils.MySQLConnection connect
INFO: Conexión exitosa a la base de datos
may 31, 2025 6:35:27 P.M. utils.MySQLConnection connect
INFO: Conexión exitosa a la base de datos
may 31, 2025 7:31:33 P.M. utils.MySQLConnection connect
INFO: Conexión exitosa a la base de datos
may 31, 2025 7:31:43 P.M. utils.MySQLConnection connect
INFO: Conexión exitosa a la base de datos
may 31, 2025 7:31:46 P.M. utils.MySQLConnection connect
INFO: Conexión exitosa a la base de datos
may 31, 2025 7:31:46 P.M. utils.MySQLConnection connect
INFO: Conexión exitosa a la base de datos
may 31, 2025 7:41:39 P.M. utils.MySQLConnection connect
INFO: Conexión exitosa a la base de datos
may 31, 2025 7:41:46 P.M. utils.MySQLConnection connect
INFO: Conexión exitosa a la base de datos
may 31, 2025 7:41:47 P.M. utils.MySQLConnection connect
INFO: Conexión exitosa a la base de datos
may 31, 2025 7:41:59 P.M. utils.MySQLConnection connect
INFO: Conexión exitosa a la base de datos
may 31, 2025 7:41:59 P.M. utils.MySQLConnection connect
INFO: Conexión exitosa a la base de datos
may 31, 2025 7:44:17 P.M. utils.MySQLConnection connect
INFO: Conexión exitosa a la base de datos
may 31, 2025 7:44:30 P.M. utils.MySQLConnection connect
INFO: Conexión exitosa a la base de datos
may 31, 2025 7:44:30 P.M. utils.MySQLConnection connect
INFO: Conexión exitosa a la base de datos
may 31, 2025 7:47:17 P.M. utils.MySQLConnection connect
INFO: Conexión exitosa a la base de datos
may 31, 2025 7:47:30 P.M. utils.MySQLConnection connect
INFO: Conexión exitosa a la base de datos
may 31, 2025 7:47:37 P.M. utils.MySQLConnection connect
INFO: Conexión exitosa a la base de datos
may 31, 2025 7:47:39 P.M. utils.MySQLConnection connect
INFO: Conexión exitosa a la base de datos
may 31, 2025 7:47:39 P.M. utils.MySQLConnection connect
INFO: Conexión exitosa a la base de datos
may 31, 2025 7:48:05 P.M. utils.MySQLConnection connect
INFO: Conexión exitosa a la base de datos
may 31, 2025 7:48:12 P.M. utils.MySQLConnection connect
INFO: Conexión exitosa a la base de datos
may 31, 2025 7:48:45 P.M. utils.MySQLConnection connect
INFO: Conexión exitosa a la base de datos
may 31, 2025 7:48:45 P.M. utils.MySQLConnection connect
INFO: Conexión exitosa a la base de datos
may 31, 2025 7:48:50 P.M. utils.MySQLConnection connect
INFO: Conexión exitosa a la base de datos
may 31, 2025 7:49:04 P.M. utils.MySQLConnection connect
INFO: Conexión exitosa a la base de datos
may 31, 2025 7:50:21 P.M. utils.MySQLConnection connect
INFO: Conexión exitosa a la base de datos
may 31, 2025 7:50:29 P.M. utils.MySQLConnection connect
INFO: Conexión exitosa a la base de datos
may 31, 2025 7:51:17 P.M. utils.MySQLConnection connect
INFO: Conexión exitosa a la base de datos
may 31, 2025 7:51:24 P.M. utils.MySQLConnection connect
INFO: Conexión exitosa a la base de datos
may 31, 2025 7:51:25 P.M. utils.MySQLConnection connect
INFO: Conexión exitosa a la base de datos
may 31, 2025 7:51:34 P.M. utils.MySQLConnection connect
INFO: Conexión exitosa a la base de datos
may 31, 2025 7:51:34 P.M. utils.MySQLConnection connect
INFO: Conexión exitosa a la base de datos
may 31, 2025 7:51:43 P.M. utils.MySQLConnection connect
INFO: Conexión exitosa a la base de datos
may 31, 2025 7:51:53 P.M. utils.MySQLConnection connect
INFO: Conexión exitosa a la base de datos
may 31, 2025 7:52:11 P.M. utils.MySQLConnection connect
INFO: Conexión exitosa a la base de datos
may 31, 2025 7:52:12 P.M. utils.MySQLConnection connect
INFO: Conexión exitosa a la base de datos
may 31, 2025 7:53:40 P.M. utils.MySQLConnection connect
INFO: Conexión exitosa a la base de datos
may 31, 2025 7:53:48 P.M. utils.MySQLConnection connect
INFO: Conexión exitosa a la base de datos
may 31, 2025 7:53:50 P.M. utils.MySQLConnection connect
INFO: Conexión exitosa a la base de datos
may 31, 2025 7:53:51 P.M. utils.MySQLConnection connect
INFO: Conexión exitosa a la base de datos
may 31, 2025 7:53:53 P.M. utils.MySQLConnection connect
INFO: Conexión exitosa a la base de datos
may 31, 2025 7:53:54 P.M. utils.MySQLConnection connect
INFO: Conexión exitosa a la base de datos
may 31, 2025 7:54:02 P.M. utils.MySQLConnection connect
INFO: Conexión exitosa a la base de datos
may 31, 2025 7:54:03 P.M. utils.MySQLConnection connect
INFO: Conexión exitosa a la base de datos
may 31, 2025 7:54:04 P.M. utils.MySQLConnection connect
INFO: Conexión exitosa a la base de datos
may 31, 2025 7:54:04 P.M. utils.MySQLConnection connect
INFO: Conexión exitosa a la base de datos
may 31, 2025 7:54:15 P.M. utils.MySQLConnection connect
INFO: Conexión exitosa a la base de datos
may 31, 2025 7:54:25 P.M. utils.MySQLConnection connect
INFO: Conexión exitosa a la base de datos
may 31, 2025 7:55:29 P.M. utils.MySQLConnection connect
INFO: Conexión exitosa a la base de datos
may 31, 2025 7:55:37 P.M. utils.MySQLConnection connect
INFO: Conexión exitosa a la base de datos
may 31, 2025 7:55:40 P.M. utils.MySQLConnection connect
INFO: Conexión exitosa a la base de datos
may 31, 2025 7:55:44 P.M. utils.MySQLConnection connect
INFO: Conexión exitosa a la base de datos
may 31, 2025 7:58:02 P.M. utils.MySQLConnection connect
INFO: Conexión exitosa a la base de datos
may 31, 2025 7:58:09 P.M. utils.MySQLConnection connect
INFO: Conexión exitosa a la base de datos
may 31, 2025 7:58:13 P.M. utils.MySQLConnection connect
INFO: Conexión exitosa a la base de datos
may 31, 2025 8:02:27 P.M. utils.MySQLConnection connect
INFO: Conexión exitosa a la base de datos
may 31, 2025 8:02:34 P.M. utils.MySQLConnection connect
INFO: Conexión exitosa a la base de datos
may 31, 2025 8:02:38 P.M. utils.MySQLConnection connect
INFO: Conexión exitosa a la base de datos
may 31, 2025 8:08:48 P.M. utils.MySQLConnection connect
INFO: Conexión exitosa a la base de datos
may 31, 2025 8:08:54 P.M. utils.MySQLConnection connect
INFO: Conexión exitosa a la base de datos
may 31, 2025 8:08:54 P.M. utils.MySQLConnection connect
INFO: Conexión exitosa a la base de datos
may 31, 2025 8:09:03 P.M. utils.MySQLConnection connect
INFO: Conexión exitosa a la base de datos
may 31, 2025 8:09:03 P.M. utils.MySQLConnection connect
INFO: Conexión exitosa a la base de datos
may 31, 2025 8:09:06 P.M. utils.MySQLConnection connect
INFO: Conexión exitosa a la base de datos
may 31, 2025 8:09:07 P.M. utils.MySQLConnection connect
INFO: Conexión exitosa a la base de datos
may 31, 2025 8:12:46 P.M. utils.MySQLConnection connect
INFO: Conexión exitosa a la base de datos
may 31, 2025 8:12:51 P.M. utils.MySQLConnection connect
INFO: Conexión exitosa a la base de datos
may 31, 2025 8:12:54 P.M. utils.MySQLConnection connect
INFO: Conexión exitosa a la base de datos
may 31, 2025 8:12:58 P.M. utils.MySQLConnection connect
INFO: Conexión exitosa a la base de datos
may 31, 2025 8:19:29 P.M. utils.MySQLConnection connect
INFO: Conexión exitosa a la base de datos
may 31, 2025 8:19:30 P.M. utils.MySQLConnection connect
INFO: Conexión exitosa a la base de datos
may 31, 2025 8:19:33 P.M. utils.MySQLConnection connect
INFO: Conexión exitosa a la base de datos
may 31, 2025 8:19:33 P.M. utils.MySQLConnection connect
INFO: Conexión exitosa a la base de datos
may 31, 2025 8:19:36 P.M. utils.MySQLConnection connect
INFO: Conexión exitosa a la base de datos
may 31, 2025 8:19:37 P.M. utils.MySQLConnection connect
INFO: Conexión exitosa a la base de datos
may 31, 2025 8:26:57 P.M. utils.MySQLConnection connect
INFO: Conexión exitosa a la base de datos
may 31, 2025 8:27:19 P.M. utils.MySQLConnection connect
INFO: Conexión exitosa a la base de datos
may 31, 2025 8:27:19 P.M. utils.MySQLConnection connect
INFO: Conexión exitosa a la base de datos
may 31, 2025 8:27:28 P.M. utils.MySQLConnection connect
INFO: Conexión exitosa a la base de datos
may 31, 2025 8:27:36 P.M. utils.MySQLConnection connect
INFO: Conexión exitosa a la base de datos
may 31, 2025 8:29:24 P.M. utils.MySQLConnection connect
INFO: Conexión exitosa a la base de datos
may 31, 2025 8:29:27 P.M. utils.MySQLConnection connect
INFO: Conexión exitosa a la base de datos
may 31, 2025 8:33:03 P.M. utils.MySQLConnection connect
INFO: Conexión exitosa a la base de datos
may 31, 2025 8:33:10 P.M. utils.MySQLConnection connect
INFO: Conexión exitosa a la base de datos
may 31, 2025 8:33:23 P.M. utils.MySQLConnection connect
INFO: Conexión exitosa a la base de datos
may 31, 2025 8:37:04 P.M. utils.MySQLConnection connect
INFO: Conexión exitosa a la base de datos
may 31, 2025 8:37:12 P.M. utils.MySQLConnection connect
INFO: Conexión exitosa a la base de datos
may 31, 2025 8:37:19 P.M. utils.MySQLConnection connect
INFO: Conexión exitosa a la base de datos
may 31, 2025 8:41:38 P.M. utils.MySQLConnection connect
INFO: Conexión exitosa a la base de datos
may 31, 2025 8:41:45 P.M. utils.MySQLConnection connect
INFO: Conexión exitosa a la base de datos
may 31, 2025 8:41:49 P.M. utils.MySQLConnection connect
INFO: Conexión exitosa a la base de datos
may 31, 2025 8:41:54 P.M. utils.MySQLConnection connect
INFO: Conexión exitosa a la base de datos
may 31, 2025 8:53:03 P.M. utils.MySQLConnection connect
INFO: Conexión exitosa a la base de datos
may 31, 2025 8:53:10 P.M. utils.MySQLConnection connect
INFO: Conexión exitosa a la base de datos
may 31, 2025 8:59:25 P.M. utils.MySQLConnection connect
INFO: Conexión exitosa a la base de datos
may 31, 2025 8:59:55 P.M. utils.MySQLConnection connect
INFO: Conexión exitosa a la base de datos
may 31, 2025 8:59:55 P.M. utils.MySQLConnection connect
INFO: Conexión exitosa a la base de datos
may 31, 2025 9:00:14 P.M. utils.MySQLConnection connect
INFO: Conexión exitosa a la base de datos
may 31, 2025 9:00:15 P.M. utils.MySQLConnection connect
INFO: Conexión exitosa a la base de datos
may 31, 2025 9:00:23 P.M. utils.MySQLConnection connect
INFO: Conexión exitosa a la base de datos
may 31, 2025 9:00:24 P.M. utils.MySQLConnection connect
INFO: Conexión exitosa a la base de datos
may 31, 2025 9:00:36 P.M. utils.MySQLConnection connect
INFO: Conexión exitosa a la base de datos
may 31, 2025 9:00:36 P.M. utils.MySQLConnection connect
INFO: Conexión exitosa a la base de datos
may 31, 2025 9:01:07 P.M. utils.MySQLConnection connect
INFO: Conexión exitosa a la base de datos
may 31, 2025 9:01:18 P.M. utils.MySQLConnection connect
INFO: Conexión exitosa a la base de datos
may 31, 2025 9:01:21 P.M. utils.MySQLConnection connect
INFO: Conexión exitosa a la base de datos
may 31, 2025 9:01:22 P.M. utils.MySQLConnection connect
INFO: Conexión exitosa a la base de datos
may 31, 2025 9:01:28 P.M. utils.MySQLConnection connect
INFO: Conexión exitosa a la base de datos
may 31, 2025 9:01:39 P.M. utils.MySQLConnection connect
INFO: Conexión exitosa a la base de datos
may 31, 2025 9:02:56 P.M. utils.MySQLConnection connect
INFO: Conexión exitosa a la base de datos
may 31, 2025 9:04:11 P.M. utils.MySQLConnection connect
INFO: Conexión exitosa a la base de datos
may 31, 2025 9:06:08 P.M. utils.MySQLConnection connect
INFO: Conexión exitosa a la base de datos
may 31, 2025 9:06:15 P.M. utils.MySQLConnection connect
INFO: Conexión exitosa a la base de datos
may 31, 2025 9:07:39 P.M. utils.MySQLConnection connect
INFO: Conexión exitosa a la base de datos
may 31, 2025 9:07:46 P.M. utils.MySQLConnection connect
INFO: Conexión exitosa a la base de datos
may 31, 2025 9:07:48 P.M. utils.MySQLConnection connect
INFO: Conexión exitosa a la base de datos
may 31, 2025 9:07:49 P.M. utils.MySQLConnection connect
INFO: Conexión exitosa a la base de datos
may 31, 2025 9:07:53 P.M. utils.MySQLConnection connect
INFO: Conexión exitosa a la base de datos
may 31, 2025 9:07:54 P.M. utils.MySQLConnection connect
INFO: Conexión exitosa a la base de datos
may 31, 2025 9:08:57 P.M. utils.MySQLConnection connect
INFO: Conexión exitosa a la base de datos
may 31, 2025 9:09:18 P.M. utils.MySQLConnection connect
INFO: Conexión exitosa a la base de datos
may 31, 2025 9:09:18 P.M. utils.MySQLConnection connect
INFO: Conexión exitosa a la base de datos
may 31, 2025 9:09:28 P.M. utils.MySQLConnection connect
INFO: Conexión exitosa a la base de datos
may 31, 2025 9:09:29 P.M. utils.MySQLConnection connect
INFO: Conexión exitosa a la base de datos
may 31, 2025 9:09:38 P.M. utils.MySQLConnection connect
INFO: Conexión exitosa a la base de datos
may 31, 2025 9:09:39 P.M. utils.MySQLConnection connect
INFO: Conexión exitosa a la base de datos
may 31, 2025 9:09:46 P.M. utils.MySQLConnection connect
INFO: Conexión exitosa a la base de datos
may 31, 2025 9:09:47 P.M. utils.MySQLConnection connect
INFO: Conexión exitosa a la base de datos
may 31, 2025 9:09:55 P.M. utils.MySQLConnection connect
INFO: Conexión exitosa a la base de datos
may 31, 2025 9:09:57 P.M. utils.MySQLConnection connect
INFO: Conexión exitosa a la base de datos
may 31, 2025 9:09:57 P.M. utils.MySQLConnection connect
INFO: Conexión exitosa a la base de datos
may 31, 2025 9:14:03 P.M. utils.MySQLConnection connect
INFO: Conexión exitosa a la base de datos
may 31, 2025 9:14:05 P.M. utils.MySQLConnection connect
INFO: Conexión exitosa a la base de datos
may 31, 2025 9:14:08 P.M. utils.MySQLConnection connect
INFO: Conexión exitosa a la base de datos
may 31, 2025 9:14:08 P.M. utils.MySQLConnection connect
INFO: Conexión exitosa a la base de datos
May 31, 2025 9:51:19 PM utils.MySQLConnection connect
SEVERE: No se pudo realizar la conexión: Unknown database 'crud_cine'
java.sql.SQLSyntaxErrorException: Unknown database 'crud_cine'
	at com.mysql.cj.jdbc.exceptions.SQLError.createSQLException(SQLError.java:120)
	at com.mysql.cj.jdbc.exceptions.SQLError.createSQLException(SQLError.java:97)
	at com.mysql.cj.jdbc.exceptions.SQLExceptionsMapping.translateException(SQLExceptionsMapping.java:122)
	at com.mysql.cj.jdbc.ConnectionImpl.createNewIO(ConnectionImpl.java:836)
	at com.mysql.cj.jdbc.ConnectionImpl.<init>(ConnectionImpl.java:456)
	at com.mysql.cj.jdbc.ConnectionImpl.getInstance(ConnectionImpl.java:246)
	at com.mysql.cj.jdbc.NonRegisteringDriver.connect(NonRegisteringDriver.java:197)
	at java.sql/java.sql.DriverManager.getConnection(DriverManager.java:682)
	at java.sql/java.sql.DriverManager.getConnection(DriverManager.java:230)
	at utils.MySQLConnection.connect(MySQLConnection.java:20)
	at Models.Employee.getEmployees(Employee.java:84)
	at Controller.AdminController.loadEmployees(AdminController.java:269)
	at Controller.AdminController.<init>(AdminController.java:44)
	at View.App.main(App.java:36)

jun 02, 2025 12:53:54 A.M. utils.MySQLConnection connect
INFO: Conexión exitosa a la base de datos
May 31, 2025 10:04:40 PM utils.MySQLConnection connect
INFO: Conexión exitosa a la base de datos
May 31, 2025 10:04:59 PM utils.MySQLConnection connect
INFO: Conexión exitosa a la base de datos
May 31, 2025 10:04:59 PM utils.MySQLConnection connect
INFO: Conexión exitosa a la base de datos
May 31, 2025 10:05:07 PM utils.MySQLConnection connect
INFO: Conexión exitosa a la base de datos
May 31, 2025 10:05:08 PM utils.MySQLConnection connect
INFO: Conexión exitosa a la base de datos
May 31, 2025 10:05:29 PM utils.MySQLConnection connect
INFO: Conexión exitosa a la base de datos
May 31, 2025 10:05:29 PM utils.MySQLConnection connect
INFO: Conexión exitosa a la base de datos
May 31, 2025 10:05:54 PM utils.MySQLConnection connect
INFO: Conexión exitosa a la base de datos
May 31, 2025 10:06:18 PM utils.MySQLConnection connect
INFO: Conexión exitosa a la base de datos
May 31, 2025 10:07:05 PM utils.MySQLConnection connect
INFO: Conexión exitosa a la base de datos
May 31, 2025 10:07:19 PM utils.MySQLConnection connect
INFO: Conexión exitosa a la base de datos
May 31, 2025 10:08:02 PM utils.MySQLConnection connect
INFO: Conexión exitosa a la base de datos
May 31, 2025 10:08:02 PM utils.MySQLConnection connect
INFO: Conexión exitosa a la base de datos
May 31, 2025 10:08:29 PM utils.MySQLConnection connect
INFO: Conexión exitosa a la base de datos
May 31, 2025 10:08:31 PM utils.MySQLConnection connect
INFO: Conexión exitosa a la base de datos
May 31, 2025 10:09:00 PM utils.MySQLConnection connect
INFO: Conexión exitosa a la base de datos
May 31, 2025 10:09:22 PM utils.MySQLConnection connect
INFO: Conexión exitosa a la base de datos
May 31, 2025 10:10:02 PM utils.MySQLConnection connect
INFO: Conexión exitosa a la base de datos
May 31, 2025 10:10:14 PM utils.MySQLConnection connect
INFO: Conexión exitosa a la base de datos
May 31, 2025 10:10:19 PM utils.MySQLConnection connect
INFO: Conexión exitosa a la base de datos
May 31, 2025 10:10:26 PM utils.MySQLConnection connect
INFO: Conexión exitosa a la base de datos
May 31, 2025 10:11:15 PM utils.MySQLConnection connect
INFO: Conexión exitosa a la base de datos
May 31, 2025 10:11:23 PM utils.MySQLConnection connect
INFO: Conexión exitosa a la base de datos
May 31, 2025 10:15:12 PM utils.MySQLConnection connect
INFO: Conexión exitosa a la base de datos
May 31, 2025 10:15:36 PM utils.MySQLConnection connect
INFO: Conexión exitosa a la base de datos
May 31, 2025 10:15:40 PM utils.MySQLConnection connect
INFO: Conexión exitosa a la base de datos
May 31, 2025 10:15:41 PM utils.MySQLConnection connect
INFO: Conexión exitosa a la base de datos
May 31, 2025 10:15:58 PM utils.MySQLConnection connect
INFO: Conexión exitosa a la base de datos
May 31, 2025 10:16:02 PM utils.MySQLConnection connect
INFO: Conexión exitosa a la base de datos
May 31, 2025 10:16:19 PM utils.MySQLConnection connect
INFO: Conexión exitosa a la base de datos
May 31, 2025 10:16:47 PM utils.MySQLConnection connect
INFO: Conexión exitosa a la base de datos
May 31, 2025 10:29:14 PM utils.MySQLConnection connect
INFO: Conexión exitosa a la base de datos
May 31, 2025 10:29:33 PM utils.MySQLConnection connect
INFO: Conexión exitosa a la base de datos
May 31, 2025 10:29:33 PM utils.MySQLConnection connect
INFO: Conexión exitosa a la base de datos
May 31, 2025 10:29:50 PM utils.MySQLConnection connect
INFO: Conexión exitosa a la base de datos
May 31, 2025 10:29:51 PM utils.MySQLConnection connect
INFO: Conexión exitosa a la base de datos
May 31, 2025 10:34:22 PM utils.MySQLConnection connect
INFO: Conexión exitosa a la base de datos
May 31, 2025 10:34:34 PM utils.MySQLConnection connect
INFO: Conexión exitosa a la base de datos
May 31, 2025 10:34:36 PM utils.MySQLConnection connect
INFO: Conexión exitosa a la base de datos
May 31, 2025 10:35:05 PM utils.MySQLConnection connect
INFO: Conexión exitosa a la base de datos
May 31, 2025 10:35:05 PM utils.MySQLConnection connect
INFO: Conexión exitosa a la base de datos
May 31, 2025 10:35:24 PM utils.MySQLConnection connect
INFO: Conexión exitosa a la base de datos
May 31, 2025 10:35:25 PM utils.MySQLConnection connect
INFO: Conexión exitosa a la base de datos
May 31, 2025 10:36:42 PM utils.MySQLConnection connect
INFO: Conexión exitosa a la base de datos
May 31, 2025 10:36:42 PM utils.MySQLConnection connect
INFO: Conexión exitosa a la base de datos
May 31, 2025 10:37:02 PM utils.MySQLConnection connect
INFO: Conexión exitosa a la base de datos
May 31, 2025 10:37:09 PM utils.MySQLConnection connect
INFO: Conexión exitosa a la base de datos
May 31, 2025 10:37:12 PM utils.MySQLConnection connect
INFO: Conexión exitosa a la base de datos
May 31, 2025 10:37:42 PM utils.MySQLConnection connect
INFO: Conexión exitosa a la base de datos
May 31, 2025 10:37:49 PM utils.MySQLConnection connect
INFO: Conexión exitosa a la base de datos
May 31, 2025 10:38:07 PM utils.MySQLConnection connect
INFO: Conexión exitosa a la base de datos
May 31, 2025 10:38:09 PM utils.MySQLConnection connect
INFO: Conexión exitosa a la base de datos
May 31, 2025 10:38:17 PM utils.MySQLConnection connect
INFO: Conexión exitosa a la base de datos
May 31, 2025 10:38:22 PM utils.MySQLConnection connect
INFO: Conexión exitosa a la base de datos
May 31, 2025 10:38:24 PM utils.MySQLConnection connect
INFO: Conexión exitosa a la base de datos
May 31, 2025 10:38:47 PM utils.MySQLConnection connect
INFO: Conexión exitosa a la base de datos
May 31, 2025 10:38:47 PM utils.MySQLConnection connect
INFO: Conexión exitosa a la base de datos
May 31, 2025 10:38:58 PM utils.MySQLConnection connect
INFO: Conexión exitosa a la base de datos
May 31, 2025 10:38:59 PM utils.MySQLConnection connect
INFO: Conexión exitosa a la base de datos
May 31, 2025 10:39:10 PM utils.MySQLConnection connect
INFO: Conexión exitosa a la base de datos
May 31, 2025 10:39:11 PM utils.MySQLConnection connect
INFO: Conexión exitosa a la base de datos
May 31, 2025 10:40:14 PM utils.MySQLConnection connect
INFO: Conexión exitosa a la base de datos
May 31, 2025 10:40:15 PM utils.MySQLConnection connect
INFO: Conexión exitosa a la base de datos
May 31, 2025 10:41:01 PM utils.MySQLConnection connect
INFO: Conexión exitosa a la base de datos
May 31, 2025 10:41:02 PM utils.MySQLConnection connect
INFO: Conexión exitosa a la base de datos
Jun 01, 2025 10:15:24 PM utils.MySQLConnection connect
INFO: Conexión exitosa a la base de datos
Jun 01, 2025 10:17:37 PM utils.MySQLConnection connect
INFO: Conexión exitosa a la base de datos
Jun 01, 2025 10:18:49 PM utils.MySQLConnection connect
INFO: Conexión exitosa a la base de datos
Jun 01, 2025 10:18:49 PM utils.MySQLConnection connect
INFO: Conexión exitosa a la base de datos
Jun 01, 2025 10:19:08 PM utils.MySQLConnection connect
INFO: Conexión exitosa a la base de datos
Jun 01, 2025 10:19:08 PM utils.MySQLConnection connect
INFO: Conexión exitosa a la base de datos
Jun 01, 2025 10:25:37 PM utils.MySQLConnection connect
INFO: Conexión exitosa a la base de datos
Jun 01, 2025 10:26:08 PM utils.MySQLConnection connect
INFO: Conexión exitosa a la base de datos
Jun 01, 2025 10:26:09 PM utils.MySQLConnection connect
INFO: Conexión exitosa a la base de datos
Jun 01, 2025 10:27:46 PM utils.MySQLConnection connect
INFO: Conexión exitosa a la base de datos
Jun 01, 2025 10:33:45 PM utils.MySQLConnection connect
INFO: Conexión exitosa a la base de datos
Jun 01, 2025 10:45:01 PM utils.MySQLConnection connect
INFO: Conexión exitosa a la base de datos
Jun 01, 2025 10:53:58 PM utils.MySQLConnection connect
INFO: Conexión exitosa a la base de datos
Jun 01, 2025 11:16:14 PM utils.MySQLConnection connect
INFO: Conexión exitosa a la base de datos
Jun 02, 2025 12:23:32 AM utils.MySQLConnection connect
INFO: Conexión exitosa a la base de datos
Jun 02, 2025 12:24:13 AM utils.MySQLConnection connect
INFO: Conexión exitosa a la base de datos
Jun 02, 2025 12:26:56 AM utils.MySQLConnection connect
INFO: Conexión exitosa a la base de datos
Jun 02, 2025 12:27:44 AM utils.MySQLConnection connect
INFO: Conexión exitosa a la base de datos
Jun 02, 2025 12:34:53 AM utils.MySQLConnection connect
INFO: Conexión exitosa a la base de datos
Jun 02, 2025 12:37:10 AM utils.MySQLConnection connect
INFO: Conexión exitosa a la base de datos
Jun 02, 2025 12:37:57 AM utils.MySQLConnection connect
INFO: Conexión exitosa a la base de datos
Jun 02, 2025 12:40:39 AM utils.MySQLConnection connect
INFO: Conexión exitosa a la base de datos
Jun 02, 2025 1:06:06 AM utils.MySQLConnection connect
INFO: Conexión exitosa a la base de datos
Jun 02, 2025 1:06:10 AM utils.MySQLConnection connect
INFO: Conexión exitosa a la base de datos
Jun 02, 2025 1:06:19 AM utils.MySQLConnection connect
INFO: Conexión exitosa a la base de datos
Jun 02, 2025 1:06:54 AM utils.MySQLConnection connect
INFO: Conexión exitosa a la base de datos
Jun 02, 2025 1:11:23 AM utils.MySQLConnection connect
INFO: Conexión exitosa a la base de datos
Jun 02, 2025 1:13:13 AM utils.MySQLConnection connect
INFO: Conexión exitosa a la base de datos
Jun 02, 2025 1:19:11 AM utils.MySQLConnection connect
INFO: Conexión exitosa a la base de datos
Jun 02, 2025 1:19:34 AM utils.MySQLConnection connect
INFO: Conexión exitosa a la base de datos
Jun 02, 2025 1:22:59 AM utils.MySQLConnection connect
INFO: Conexión exitosa a la base de datos
Jun 02, 2025 1:30:54 AM utils.MySQLConnection connect
INFO: Conexión exitosa a la base de datos
Jun 02, 2025 1:37:44 AM utils.MySQLConnection connect
INFO: Conexión exitosa a la base de datos
Jun 02, 2025 1:40:01 AM utils.MySQLConnection connect
INFO: Conexión exitosa a la base de datos
jun 02, 2025 1:46:01 A.M. utils.MySQLConnection connect
INFO: Conexión exitosa a la base de datos
jun 02, 2025 5:11:47 P.M. utils.MySQLConnection connect
INFO: Conexión exitosa a la base de datos
jun 02, 2025 2:45:34 A.M. utils.MySQLConnection connect
INFO: Conexión exitosa a la base de datos
Jun 02, 2025 2:16:09 AM utils.MySQLConnection connect
INFO: Conexión exitosa a la base de datos
Jun 02, 2025 3:11:15 AM utils.MySQLConnection connect
INFO: Conexión exitosa a la base de datos
Jun 02, 2025 3:24:26 AM utils.MySQLConnection connect
INFO: Conexión exitosa a la base de datos
Jun 02, 2025 3:25:54 AM utils.MySQLConnection connect
INFO: Conexión exitosa a la base de datos
Jun 02, 2025 3:27:55 AM utils.MySQLConnection connect
INFO: Conexión exitosa a la base de datos
Jun 02, 2025 3:29:03 AM utils.MySQLConnection connect
INFO: Conexión exitosa a la base de datos
Jun 02, 2025 3:30:35 AM utils.MySQLConnection connect
INFO: Conexión exitosa a la base de datos
Jun 02, 2025 3:30:40 AM utils.MySQLConnection connect
INFO: Conexión exitosa a la base de datos
Jun 02, 2025 3:31:04 AM utils.MySQLConnection connect
INFO: Conexión exitosa a la base de datos
Jun 02, 2025 3:31:16 AM utils.MySQLConnection connect
INFO: Conexión exitosa a la base de datos
Jun 02, 2025 3:31:22 AM utils.MySQLConnection connect
INFO: Conexión exitosa a la base de datos
Jun 02, 2025 3:31:23 AM utils.MySQLConnection connect
INFO: Conexión exitosa a la base de datos
Jun 02, 2025 3:31:40 AM utils.MySQLConnection connect
INFO: Conexión exitosa a la base de datos
Jun 02, 2025 3:32:24 AM utils.MySQLConnection connect
INFO: Conexión exitosa a la base de datos
Jun 02, 2025 3:32:42 AM utils.MySQLConnection connect
INFO: Conexión exitosa a la base de datos
Jun 02, 2025 3:32:43 AM utils.MySQLConnection connect
INFO: Conexión exitosa a la base de datos
Jun 02, 2025 3:33:01 AM utils.MySQLConnection connect
INFO: Conexión exitosa a la base de datos
Jun 02, 2025 3:33:01 AM utils.MySQLConnection connect
INFO: Conexión exitosa a la base de datos
Jun 02, 2025 3:33:19 AM utils.MySQLConnection connect
INFO: Conexión exitosa a la base de datos
Jun 02, 2025 3:33:20 AM utils.MySQLConnection connect
INFO: Conexión exitosa a la base de datos
Jun 02, 2025 3:42:13 AM utils.MySQLConnection connect
INFO: Conexión exitosa a la base de datos
Jun 02, 2025 3:51:50 AM utils.MySQLConnection connect
INFO: Conexión exitosa a la base de datos
Jun 02, 2025 4:38:53 AM utils.MySQLConnection connect
INFO: Conexión exitosa a la base de datos
Jun 02, 2025 4:46:11 AM utils.MySQLConnection connect
INFO: Conexión exitosa a la base de datos
Jun 02, 2025 4:47:12 AM utils.MySQLConnection connect
INFO: Conexión exitosa a la base de datos
Jun 02, 2025 4:47:32 AM utils.MySQLConnection connect
INFO: Conexión exitosa a la base de datos
Jun 02, 2025 4:50:24 AM utils.MySQLConnection connect
INFO: Conexión exitosa a la base de datos
Jun 02, 2025 4:51:32 AM utils.MySQLConnection connect
INFO: Conexión exitosa a la base de datos
Jun 02, 2025 4:52:07 AM utils.MySQLConnection connect
INFO: Conexión exitosa a la base de datos
jun 02, 2025 3:48:29 P.M. utils.MySQLConnection connect
INFO: Conexión exitosa a la base de datos
jun 02, 2025 3:55:20 P.M. utils.MySQLConnection connect
INFO: Conexión exitosa a la base de datos
jun 02, 2025 3:57:20 P.M. utils.MySQLConnection connect
INFO: Conexión exitosa a la base de datos
jun 02, 2025 4:36:59 P.M. utils.MySQLConnection connect
INFO: Conexión exitosa a la base de datos
jun 02, 2025 4:37:35 P.M. utils.MySQLConnection connect
INFO: Conexión exitosa a la base de datos
jun 02, 2025 4:37:42 P.M. utils.MySQLConnection connect
INFO: Conexión exitosa a la base de datos
jun 02, 2025 4:37:46 P.M. utils.MySQLConnection connect
INFO: Conexión exitosa a la base de datos
jun 02, 2025 4:37:47 P.M. utils.MySQLConnection connect
INFO: Conexión exitosa a la base de datos
jun 02, 2025 4:38:18 P.M. utils.MySQLConnection connect
INFO: Conexión exitosa a la base de datos
jun 02, 2025 4:38:18 P.M. utils.MySQLConnection connect
INFO: Conexión exitosa a la base de datos
jun 02, 2025 4:38:35 P.M. utils.MySQLConnection connect
INFO: Conexión exitosa a la base de datos
jun 02, 2025 4:38:37 P.M. utils.MySQLConnection connect
INFO: Conexión exitosa a la base de datos
jun 02, 2025 4:39:44 P.M. utils.MySQLConnection connect
INFO: Conexión exitosa a la base de datos
jun 02, 2025 4:39:57 P.M. utils.MySQLConnection connect
INFO: Conexión exitosa a la base de datos
jun 02, 2025 4:40:06 P.M. utils.MySQLConnection connect
INFO: Conexión exitosa a la base de datos
jun 02, 2025 4:40:21 P.M. utils.MySQLConnection connect
INFO: Conexión exitosa a la base de datos
jun 02, 2025 4:40:43 P.M. utils.MySQLConnection connect
INFO: Conexión exitosa a la base de datos
jun 02, 2025 4:40:52 P.M. utils.MySQLConnection connect
INFO: Conexión exitosa a la base de datos
jun 02, 2025 4:40:53 P.M. utils.MySQLConnection connect
INFO: Conexión exitosa a la base de datos
jun 02, 2025 4:41:13 P.M. utils.MySQLConnection connect
INFO: Conexión exitosa a la base de datos
jun 02, 2025 4:41:13 P.M. utils.MySQLConnection connect
INFO: Conexión exitosa a la base de datos
jun 02, 2025 4:41:26 P.M. utils.MySQLConnection connect
INFO: Conexión exitosa a la base de datos
jun 02, 2025 4:41:29 P.M. utils.MySQLConnection connect
INFO: Conexión exitosa a la base de datos
jun 02, 2025 4:41:46 P.M. utils.MySQLConnection connect
INFO: Conexión exitosa a la base de datos
jun 02, 2025 4:42:01 P.M. utils.MySQLConnection connect
INFO: Conexión exitosa a la base de datos
jun 02, 2025 4:42:03 P.M. utils.MySQLConnection connect
INFO: Conexión exitosa a la base de datos
jun 02, 2025 4:42:35 P.M. utils.MySQLConnection connect
INFO: Conexión exitosa a la base de datos
jun 02, 2025 4:42:46 P.M. utils.MySQLConnection connect
INFO: Conexión exitosa a la base de datos
jun 02, 2025 4:46:04 P.M. utils.MySQLConnection connect
INFO: Conexión exitosa a la base de datos
jun 02, 2025 4:46:04 P.M. utils.MySQLConnection connect
INFO: Conexión exitosa a la base de datos
jun 02, 2025 4:46:22 P.M. utils.MySQLConnection connect
INFO: Conexión exitosa a la base de datos
jun 02, 2025 4:46:24 P.M. utils.MySQLConnection connect
INFO: Conexión exitosa a la base de datos
jun 02, 2025 4:46:34 P.M. utils.MySQLConnection connect
INFO: Conexión exitosa a la base de datos
jun 02, 2025 4:46:44 P.M. utils.MySQLConnection connect
INFO: Conexión exitosa a la base de datos
jun 02, 2025 4:46:46 P.M. utils.MySQLConnection connect
INFO: Conexión exitosa a la base de datos
jun 02, 2025 4:47:12 P.M. utils.MySQLConnection connect
INFO: Conexión exitosa a la base de datos
jun 02, 2025 4:47:15 P.M. utils.MySQLConnection connect
INFO: Conexión exitosa a la base de datos
jun 02, 2025 4:47:27 P.M. utils.MySQLConnection connect
INFO: Conexión exitosa a la base de datos
jun 02, 2025 4:47:28 P.M. utils.MySQLConnection connect
INFO: Conexión exitosa a la base de datos
jun 02, 2025 4:47:35 P.M. utils.MySQLConnection connect
INFO: Conexión exitosa a la base de datos
jun 02, 2025 4:47:38 P.M. utils.MySQLConnection connect
INFO: Conexión exitosa a la base de datos
jun 02, 2025 4:47:50 P.M. utils.MySQLConnection connect
INFO: Conexión exitosa a la base de datos
jun 02, 2025 4:47:50 P.M. utils.MySQLConnection connect
INFO: Conexión exitosa a la base de datos
jun 02, 2025 4:48:03 P.M. utils.MySQLConnection connect
INFO: Conexión exitosa a la base de datos
jun 02, 2025 4:48:05 P.M. utils.MySQLConnection connect
INFO: Conexión exitosa a la base de datos
jun 02, 2025 4:48:22 P.M. utils.MySQLConnection connect
INFO: Conexión exitosa a la base de datos
jun 02, 2025 4:48:23 P.M. utils.MySQLConnection connect
INFO: Conexión exitosa a la base de datos
jun 02, 2025 4:48:34 P.M. utils.MySQLConnection connect
INFO: Conexión exitosa a la base de datos
jun 02, 2025 4:51:21 P.M. utils.MySQLConnection connect
INFO: Conexión exitosa a la base de datos
jun 02, 2025 4:51:22 P.M. utils.MySQLConnection connect
INFO: Conexión exitosa a la base de datos
jun 02, 2025 4:51:24 P.M. utils.MySQLConnection connect
INFO: Conexión exitosa a la base de datos
jun 02, 2025 4:51:25 P.M. utils.MySQLConnection connect
INFO: Conexión exitosa a la base de datos
jun 02, 2025 4:51:34 P.M. utils.MySQLConnection connect
INFO: Conexión exitosa a la base de datos
jun 02, 2025 4:51:53 P.M. utils.MySQLConnection connect
INFO: Conexión exitosa a la base de datos
jun 02, 2025 4:51:54 P.M. utils.MySQLConnection connect
INFO: Conexión exitosa a la base de datos
jun 02, 2025 4:52:17 P.M. utils.MySQLConnection connect
INFO: Conexión exitosa a la base de datos
jun 02, 2025 4:52:17 P.M. utils.MySQLConnection connect
INFO: Conexión exitosa a la base de datos
jun 02, 2025 4:52:35 P.M. utils.MySQLConnection connect
INFO: Conexión exitosa a la base de datos
jun 02, 2025 4:52:36 P.M. utils.MySQLConnection connect
INFO: Conexión exitosa a la base de datos
jun 02, 2025 4:52:53 P.M. utils.MySQLConnection connect
INFO: Conexión exitosa a la base de datos
jun 02, 2025 4:53:02 P.M. utils.MySQLConnection connect
INFO: Conexión exitosa a la base de datos
jun 02, 2025 4:53:36 P.M. utils.MySQLConnection connect
INFO: Conexión exitosa a la base de datos
jun 02, 2025 4:53:37 P.M. utils.MySQLConnection connect
INFO: Conexión exitosa a la base de datos
jun 02, 2025 4:53:47 P.M. utils.MySQLConnection connect
INFO: Conexión exitosa a la base de datos
jun 02, 2025 4:53:48 P.M. utils.MySQLConnection connect
INFO: Conexión exitosa a la base de datos
jun 02, 2025 4:53:58 P.M. utils.MySQLConnection connect
INFO: Conexión exitosa a la base de datos
jun 02, 2025 4:54:04 P.M. utils.MySQLConnection connect
INFO: Conexión exitosa a la base de datos
jun 02, 2025 4:54:37 P.M. utils.MySQLConnection connect
INFO: Conexión exitosa a la base de datos
jun 02, 2025 4:54:37 P.M. utils.MySQLConnection connect
INFO: Conexión exitosa a la base de datos
jun 02, 2025 4:54:53 P.M. utils.MySQLConnection connect
INFO: Conexión exitosa a la base de datos
jun 02, 2025 4:54:54 P.M. utils.MySQLConnection connect
INFO: Conexión exitosa a la base de datos
jun 02, 2025 4:55:09 P.M. utils.MySQLConnection connect
INFO: Conexión exitosa a la base de datos
jun 02, 2025 4:55:16 P.M. utils.MySQLConnection connect
INFO: Conexión exitosa a la base de datos
jun 02, 2025 4:55:21 P.M. utils.MySQLConnection connect
INFO: Conexión exitosa a la base de datos
jun 02, 2025 4:55:33 P.M. utils.MySQLConnection connect
INFO: Conexión exitosa a la base de datos
jun 02, 2025 4:55:45 P.M. utils.MySQLConnection connect
INFO: Conexión exitosa a la base de datos
jun 02, 2025 4:55:54 P.M. utils.MySQLConnection connect
INFO: Conexión exitosa a la base de datos
jun 02, 2025 4:56:30 P.M. utils.MySQLConnection connect
INFO: Conexión exitosa a la base de datos
jun 02, 2025 4:56:39 P.M. utils.MySQLConnection connect
INFO: Conexión exitosa a la base de datos
jun 02, 2025 4:56:52 P.M. utils.MySQLConnection connect
INFO: Conexión exitosa a la base de datos
jun 02, 2025 4:56:52 P.M. utils.MySQLConnection connect
INFO: Conexión exitosa a la base de datos
jun 02, 2025 4:57:00 P.M. utils.MySQLConnection connect
INFO: Conexión exitosa a la base de datos
jun 02, 2025 4:57:00 P.M. utils.MySQLConnection connect
INFO: Conexión exitosa a la base de datos
jun 02, 2025 4:59:32 P.M. utils.MySQLConnection connect
INFO: Conexión exitosa a la base de datos
jun 02, 2025 4:59:56 P.M. utils.MySQLConnection connect
INFO: Conexión exitosa a la base de datos
jun 02, 2025 4:59:56 P.M. utils.MySQLConnection connect
INFO: Conexión exitosa a la base de datos
jun 02, 2025 5:01:08 P.M. utils.MySQLConnection connect
INFO: Conexión exitosa a la base de datos
jun 02, 2025 5:01:10 P.M. utils.MySQLConnection connect
INFO: Conexión exitosa a la base de datos
jun 02, 2025 5:02:51 P.M. utils.MySQLConnection connect
INFO: Conexión exitosa a la base de datos
jun 02, 2025 5:03:04 P.M. utils.MySQLConnection connect
INFO: Conexión exitosa a la base de datos
jun 02, 2025 5:03:05 P.M. utils.MySQLConnection connect
INFO: Conexión exitosa a la base de datos
jun 02, 2025 5:03:21 P.M. utils.MySQLConnection connect
INFO: Conexión exitosa a la base de datos
jun 02, 2025 5:03:21 P.M. utils.MySQLConnection connect
INFO: Conexión exitosa a la base de datos
jun 02, 2025 5:03:37 P.M. utils.MySQLConnection connect
INFO: Conexión exitosa a la base de datos
jun 02, 2025 5:03:37 P.M. utils.MySQLConnection connect
INFO: Conexión exitosa a la base de datos
jun 02, 2025 5:03:48 P.M. utils.MySQLConnection connect
INFO: Conexión exitosa a la base de datos
jun 02, 2025 5:03:51 P.M. utils.MySQLConnection connect
INFO: Conexión exitosa a la base de datos
jun 02, 2025 5:04:00 P.M. utils.MySQLConnection connect
INFO: Conexión exitosa a la base de datos
jun 02, 2025 5:04:01 P.M. utils.MySQLConnection connect
INFO: Conexión exitosa a la base de datos
jun 02, 2025 5:04:14 P.M. utils.MySQLConnection connect
INFO: Conexión exitosa a la base de datos
jun 02, 2025 5:04:22 P.M. utils.MySQLConnection connect
INFO: Conexión exitosa a la base de datos
jun 02, 2025 5:04:39 P.M. utils.MySQLConnection connect
INFO: Conexión exitosa a la base de datos
jun 02, 2025 5:04:39 P.M. utils.MySQLConnection connect
INFO: Conexión exitosa a la base de datos
jun 02, 2025 5:04:56 P.M. utils.MySQLConnection connect
INFO: Conexión exitosa a la base de datos
jun 02, 2025 5:04:57 P.M. utils.MySQLConnection connect
INFO: Conexión exitosa a la base de datos
jun 02, 2025 5:05:03 P.M. utils.MySQLConnection connect
INFO: Conexión exitosa a la base de datos
jun 02, 2025 5:05:04 P.M. utils.MySQLConnection connect
INFO: Conexión exitosa a la base de datos
jun 02, 2025 5:05:23 P.M. utils.MySQLConnection connect
INFO: Conexión exitosa a la base de datos
jun 02, 2025 5:05:24 P.M. utils.MySQLConnection connect
INFO: Conexión exitosa a la base de datos
jun 02, 2025 5:05:32 P.M. utils.MySQLConnection connect
INFO: Conexión exitosa a la base de datos
jun 02, 2025 5:05:33 P.M. utils.MySQLConnection connect
INFO: Conexión exitosa a la base de datos
jun 02, 2025 5:05:39 P.M. utils.MySQLConnection connect
INFO: Conexión exitosa a la base de datos
jun 02, 2025 5:05:40 P.M. utils.MySQLConnection connect
INFO: Conexión exitosa a la base de datos
jun 02, 2025 5:05:50 P.M. utils.MySQLConnection connect
INFO: Conexión exitosa a la base de datos
jun 02, 2025 5:06:12 P.M. utils.MySQLConnection connect
INFO: Conexión exitosa a la base de datos
jun 02, 2025 5:06:19 P.M. utils.MySQLConnection connect
INFO: Conexión exitosa a la base de datos
jun 02, 2025 5:07:07 P.M. utils.MySQLConnection connect
INFO: Conexión exitosa a la base de datos
jun 02, 2025 5:07:14 P.M. utils.MySQLConnection connect
INFO: Conexión exitosa a la base de datos
jun 02, 2025 5:07:14 P.M. utils.MySQLConnection connect
INFO: Conexión exitosa a la base de datos
jun 02, 2025 5:07:24 P.M. utils.MySQLConnection connect
INFO: Conexión exitosa a la base de datos
jun 02, 2025 5:07:25 P.M. utils.MySQLConnection connect
INFO: Conexión exitosa a la base de datos
jun 02, 2025 5:07:33 P.M. utils.MySQLConnection connect
INFO: Conexión exitosa a la base de datos
jun 02, 2025 5:07:38 P.M. utils.MySQLConnection connect
INFO: Conexión exitosa a la base de datos
jun 02, 2025 5:07:49 P.M. utils.MySQLConnection connect
INFO: Conexión exitosa a la base de datos
jun 02, 2025 5:07:51 P.M. utils.MySQLConnection connect
INFO: Conexión exitosa a la base de datos
jun 02, 2025 5:07:57 P.M. utils.MySQLConnection connect
INFO: Conexión exitosa a la base de datos
jun 02, 2025 5:07:59 P.M. utils.MySQLConnection connect
INFO: Conexión exitosa a la base de datos
jun 02, 2025 5:08:36 P.M. utils.MySQLConnection connect
INFO: Conexión exitosa a la base de datos
jun 02, 2025 5:08:36 P.M. utils.MySQLConnection connect
INFO: Conexión exitosa a la base de datos
jun 02, 2025 5:08:45 P.M. utils.MySQLConnection connect
INFO: Conexión exitosa a la base de datos
jun 02, 2025 5:08:46 P.M. utils.MySQLConnection connect
INFO: Conexión exitosa a la base de datos
jun 02, 2025 5:08:52 P.M. utils.MySQLConnection connect
INFO: Conexión exitosa a la base de datos
jun 02, 2025 5:13:22 P.M. utils.MySQLConnection connect
INFO: Conexión exitosa a la base de datos
jun 02, 2025 5:13:44 P.M. utils.MySQLConnection connect
INFO: Conexión exitosa a la base de datos
jun 02, 2025 5:13:44 P.M. utils.MySQLConnection connect
INFO: Conexión exitosa a la base de datos
jun 02, 2025 5:13:56 P.M. utils.MySQLConnection connect
INFO: Conexión exitosa a la base de datos
jun 02, 2025 5:13:57 P.M. utils.MySQLConnection connect
INFO: Conexión exitosa a la base de datos
jun 02, 2025 5:14:06 P.M. utils.MySQLConnection connect
INFO: Conexión exitosa a la base de datos
jun 02, 2025 5:14:07 P.M. utils.MySQLConnection connect
INFO: Conexión exitosa a la base de datos
jun 02, 2025 5:14:21 P.M. utils.MySQLConnection connect
INFO: Conexión exitosa a la base de datos
jun 02, 2025 5:14:21 P.M. utils.MySQLConnection connect
INFO: Conexión exitosa a la base de datos
jun 02, 2025 5:14:28 P.M. utils.MySQLConnection connect
INFO: Conexión exitosa a la base de datos
jun 02, 2025 5:14:30 P.M. utils.MySQLConnection connect
INFO: Conexión exitosa a la base de datos
jun 02, 2025 5:14:45 P.M. utils.MySQLConnection connect
INFO: Conexión exitosa a la base de datos
jun 02, 2025 5:14:46 P.M. utils.MySQLConnection connect
INFO: Conexión exitosa a la base de datos
jun 02, 2025 5:15:12 P.M. utils.MySQLConnection connect
INFO: Conexión exitosa a la base de datos
jun 02, 2025 5:15:12 P.M. utils.MySQLConnection connect
INFO: Conexión exitosa a la base de datos
jun 02, 2025 5:15:24 P.M. utils.MySQLConnection connect
INFO: Conexión exitosa a la base de datos
jun 02, 2025 5:15:25 P.M. utils.MySQLConnection connect
INFO: Conexión exitosa a la base de datos
jun 02, 2025 5:15:47 P.M. utils.MySQLConnection connect
INFO: Conexión exitosa a la base de datos
jun 02, 2025 5:20:10 P.M. utils.MySQLConnection connect
INFO: Conexión exitosa a la base de datos
jun 02, 2025 5:20:20 P.M. utils.MySQLConnection connect
INFO: Conexión exitosa a la base de datos
jun 02, 2025 5:20:20 P.M. utils.MySQLConnection connect
INFO: Conexión exitosa a la base de datos
jun 02, 2025 5:21:41 P.M. utils.MySQLConnection connect
INFO: Conexión exitosa a la base de datos
jun 02, 2025 5:21:41 P.M. utils.MySQLConnection connect
INFO: Conexión exitosa a la base de datos
jun 02, 2025 5:33:30 P.M. utils.MySQLConnection connect
INFO: Conexión exitosa a la base de datos
jun 02, 2025 5:33:41 P.M. utils.MySQLConnection connect
INFO: Conexión exitosa a la base de datos
jun 02, 2025 5:33:41 P.M. utils.MySQLConnection connect
INFO: Conexión exitosa a la base de datos
jun 02, 2025 5:33:48 P.M. utils.MySQLConnection connect
INFO: Conexión exitosa a la base de datos
jun 02, 2025 5:33:48 P.M. utils.MySQLConnection connect
INFO: Conexión exitosa a la base de datos
jun 02, 2025 5:34:00 P.M. utils.MySQLConnection connect
INFO: Conexión exitosa a la base de datos
jun 02, 2025 5:34:01 P.M. utils.MySQLConnection connect
INFO: Conexión exitosa a la base de datos
jun 02, 2025 5:34:08 P.M. utils.MySQLConnection connect
INFO: Conexión exitosa a la base de datos
jun 02, 2025 5:49:16 P.M. utils.MySQLConnection connect
INFO: Conexión exitosa a la base de datos
jun 02, 2025 5:49:25 P.M. utils.MySQLConnection connect
INFO: Conexión exitosa a la base de datos
jun 02, 2025 5:49:25 P.M. utils.MySQLConnection connect
INFO: Conexión exitosa a la base de datos
jun 02, 2025 5:49:35 P.M. utils.MySQLConnection connect
INFO: Conexión exitosa a la base de datos
jun 02, 2025 5:49:36 P.M. utils.MySQLConnection connect
INFO: Conexión exitosa a la base de datos
jun 02, 2025 5:49:42 P.M. utils.MySQLConnection connect
INFO: Conexión exitosa a la base de datos
jun 02, 2025 5:49:43 P.M. utils.MySQLConnection connect
INFO: Conexión exitosa a la base de datos
jun 02, 2025 5:49:53 P.M. utils.MySQLConnection connect
INFO: Conexión exitosa a la base de datos
jun 02, 2025 5:49:56 P.M. utils.MySQLConnection connect
INFO: Conexión exitosa a la base de datos
jun 02, 2025 5:49:59 P.M. utils.MySQLConnection connect
INFO: Conexión exitosa a la base de datos
jun 02, 2025 5:50:00 P.M. utils.MySQLConnection connect
INFO: Conexión exitosa a la base de datos
jun 02, 2025 5:50:05 P.M. utils.MySQLConnection connect
INFO: Conexión exitosa a la base de datos
jun 02, 2025 5:50:06 P.M. utils.MySQLConnection connect
INFO: Conexión exitosa a la base de datos
jun 02, 2025 5:50:12 P.M. utils.MySQLConnection connect
INFO: Conexión exitosa a la base de datos
jun 02, 2025 5:50:13 P.M. utils.MySQLConnection connect
INFO: Conexión exitosa a la base de datos
jun 02, 2025 5:50:22 P.M. utils.MySQLConnection connect
INFO: Conexión exitosa a la base de datos
jun 02, 2025 5:50:22 P.M. utils.MySQLConnection connect
INFO: Conexión exitosa a la base de datos
jun 02, 2025 5:50:29 P.M. utils.MySQLConnection connect
INFO: Conexión exitosa a la base de datos
jun 02, 2025 5:50:29 P.M. utils.MySQLConnection connect
INFO: Conexión exitosa a la base de datos
jun 02, 2025 5:50:47 P.M. utils.MySQLConnection connect
INFO: Conexión exitosa a la base de datos
jun 02, 2025 5:50:48 P.M. utils.MySQLConnection connect
INFO: Conexión exitosa a la base de datos
jun 02, 2025 5:50:54 P.M. utils.MySQLConnection connect
INFO: Conexión exitosa a la base de datos
jun 02, 2025 5:51:11 P.M. utils.MySQLConnection connect
INFO: Conexión exitosa a la base de datos
jun 02, 2025 5:51:12 P.M. utils.MySQLConnection connect
INFO: Conexión exitosa a la base de datos
jun 02, 2025 5:51:18 P.M. utils.MySQLConnection connect
INFO: Conexión exitosa a la base de datos
jun 02, 2025 5:51:19 P.M. utils.MySQLConnection connect
INFO: Conexión exitosa a la base de datos
jun 02, 2025 5:52:02 P.M. utils.MySQLConnection connect
INFO: Conexión exitosa a la base de datos
jun 02, 2025 5:52:03 P.M. utils.MySQLConnection connect
INFO: Conexión exitosa a la base de datos
jun 02, 2025 5:52:12 P.M. utils.MySQLConnection connect
INFO: Conexión exitosa a la base de datos
jun 02, 2025 5:52:12 P.M. utils.MySQLConnection connect
INFO: Conexión exitosa a la base de datos
jun 02, 2025 5:52:41 P.M. utils.MySQLConnection connect
INFO: Conexión exitosa a la base de datos
jun 02, 2025 5:52:48 P.M. utils.MySQLConnection connect
INFO: Conexión exitosa a la base de datos
jun 02, 2025 5:52:48 P.M. utils.MySQLConnection connect
INFO: Conexión exitosa a la base de datos
jun 02, 2025 5:53:00 P.M. utils.MySQLConnection connect
INFO: Conexión exitosa a la base de datos
jun 02, 2025 5:53:04 P.M. utils.MySQLConnection connect
INFO: Conexión exitosa a la base de datos
jun 02, 2025 5:53:13 P.M. utils.MySQLConnection connect
INFO: Conexión exitosa a la base de datos
jun 02, 2025 5:53:14 P.M. utils.MySQLConnection connect
INFO: Conexión exitosa a la base de datos
jun 02, 2025 5:53:17 P.M. utils.MySQLConnection connect
INFO: Conexión exitosa a la base de datos
jun 02, 2025 5:53:19 P.M. utils.MySQLConnection connect
INFO: Conexión exitosa a la base de datos
jun 02, 2025 5:53:22 P.M. utils.MySQLConnection connect
INFO: Conexión exitosa a la base de datos
jun 02, 2025 5:53:23 P.M. utils.MySQLConnection connect
INFO: Conexión exitosa a la base de datos
jun 02, 2025 5:53:27 P.M. utils.MySQLConnection connect
INFO: Conexión exitosa a la base de datos
jun 02, 2025 5:53:31 P.M. utils.MySQLConnection connect
INFO: Conexión exitosa a la base de datos
jun 02, 2025 5:53:32 P.M. utils.MySQLConnection connect
INFO: Conexión exitosa a la base de datos
jun 02, 2025 5:53:59 P.M. utils.MySQLConnection connect
INFO: Conexión exitosa a la base de datos
jun 02, 2025 5:54:06 P.M. utils.MySQLConnection connect
INFO: Conexión exitosa a la base de datos
jun 02, 2025 5:54:07 P.M. utils.MySQLConnection connect
INFO: Conexión exitosa a la base de datos
jun 02, 2025 5:54:12 P.M. utils.MySQLConnection connect
INFO: Conexión exitosa a la base de datos
jun 02, 2025 5:54:13 P.M. utils.MySQLConnection connect
INFO: Conexión exitosa a la base de datos
jun 02, 2025 5:54:23 P.M. utils.MySQLConnection connect
INFO: Conexión exitosa a la base de datos
jun 02, 2025 5:54:30 P.M. utils.MySQLConnection connect
INFO: Conexión exitosa a la base de datos
jun 02, 2025 5:54:34 P.M. utils.MySQLConnection connect
INFO: Conexión exitosa a la base de datos
jun 02, 2025 5:54:37 P.M. utils.MySQLConnection connect
INFO: Conexión exitosa a la base de datos
jun 02, 2025 5:54:38 P.M. utils.MySQLConnection connect
INFO: Conexión exitosa a la base de datos
jun 02, 2025 5:54:57 P.M. utils.MySQLConnection connect
INFO: Conexión exitosa a la base de datos
jun 02, 2025 5:54:57 P.M. utils.MySQLConnection connect
INFO: Conexión exitosa a la base de datos
jun 02, 2025 5:55:05 P.M. utils.MySQLConnection connect
INFO: Conexión exitosa a la base de datos
jun 02, 2025 5:55:05 P.M. utils.MySQLConnection connect
INFO: Conexión exitosa a la base de datos
jun 02, 2025 5:55:11 P.M. utils.MySQLConnection connect
INFO: Conexión exitosa a la base de datos
jun 02, 2025 5:55:11 P.M. utils.MySQLConnection connect
INFO: Conexión exitosa a la base de datos
jun 02, 2025 5:55:17 P.M. utils.MySQLConnection connect
INFO: Conexión exitosa a la base de datos
jun 02, 2025 5:55:17 P.M. utils.MySQLConnection connect
INFO: Conexión exitosa a la base de datos
jun 02, 2025 5:55:22 P.M. utils.MySQLConnection connect
INFO: Conexión exitosa a la base de datos
jun 02, 2025 5:55:22 P.M. utils.MySQLConnection connect
INFO: Conexión exitosa a la base de datos
jun 02, 2025 5:55:30 P.M. utils.MySQLConnection connect
INFO: Conexión exitosa a la base de datos
jun 02, 2025 5:55:30 P.M. utils.MySQLConnection connect
INFO: Conexión exitosa a la base de datos
jun 02, 2025 5:56:58 P.M. utils.MySQLConnection connect
INFO: Conexión exitosa a la base de datos
jun 02, 2025 5:57:03 P.M. utils.MySQLConnection connect
INFO: Conexión exitosa a la base de datos
jun 02, 2025 5:57:07 P.M. utils.MySQLConnection connect
INFO: Conexión exitosa a la base de datos
jun 02, 2025 5:57:08 P.M. utils.MySQLConnection connect
INFO: Conexión exitosa a la base de datos
jun 02, 2025 5:57:15 P.M. utils.MySQLConnection connect
INFO: Conexión exitosa a la base de datos
jun 02, 2025 5:57:16 P.M. utils.MySQLConnection connect
INFO: Conexión exitosa a la base de datos
jun 02, 2025 5:57:17 P.M. utils.MySQLConnection connect
INFO: Conexión exitosa a la base de datos
jun 02, 2025 5:57:20 P.M. utils.MySQLConnection connect
INFO: Conexión exitosa a la base de datos
jun 02, 2025 5:57:21 P.M. utils.MySQLConnection connect
INFO: Conexión exitosa a la base de datos
jun 02, 2025 5:59:24 P.M. utils.MySQLConnection connect
INFO: Conexión exitosa a la base de datos
jun 02, 2025 5:59:24 P.M. utils.MySQLConnection connect
INFO: Conexión exitosa a la base de datos
jun 02, 2025 5:59:33 P.M. utils.MySQLConnection connect
INFO: Conexión exitosa a la base de datos
jun 02, 2025 5:59:34 P.M. utils.MySQLConnection connect
INFO: Conexión exitosa a la base de datos
jun 02, 2025 5:59:37 P.M. utils.MySQLConnection connect
INFO: Conexión exitosa a la base de datos
jun 02, 2025 5:59:37 P.M. utils.MySQLConnection connect
INFO: Conexión exitosa a la base de datos
jun 02, 2025 5:59:45 P.M. utils.MySQLConnection connect
INFO: Conexión exitosa a la base de datos
jun 02, 2025 5:59:48 P.M. utils.MySQLConnection connect
INFO: Conexión exitosa a la base de datos
jun 02, 2025 5:59:52 P.M. utils.MySQLConnection connect
INFO: Conexión exitosa a la base de datos
jun 02, 2025 6:00:00 P.M. utils.MySQLConnection connect
INFO: Conexión exitosa a la base de datos
jun 02, 2025 6:00:09 P.M. utils.MySQLConnection connect
INFO: Conexión exitosa a la base de datos
jun 02, 2025 6:00:15 P.M. utils.MySQLConnection connect
INFO: Conexión exitosa a la base de datos
jun 02, 2025 6:00:17 P.M. utils.MySQLConnection connect
INFO: Conexión exitosa a la base de datos
jun 02, 2025 6:00:18 P.M. utils.MySQLConnection connect
INFO: Conexión exitosa a la base de datos
jun 02, 2025 6:00:23 P.M. utils.MySQLConnection connect
INFO: Conexión exitosa a la base de datos
jun 02, 2025 6:36:37 P.M. utils.MySQLConnection connect
INFO: Conexión exitosa a la base de datos
jun 02, 2025 6:36:42 P.M. utils.MySQLConnection connect
INFO: Conexión exitosa a la base de datos
jun 02, 2025 6:36:43 P.M. utils.MySQLConnection connect
INFO: Conexión exitosa a la base de datos
jun 02, 2025 6:36:52 P.M. utils.MySQLConnection connect
INFO: Conexión exitosa a la base de datos
jun 02, 2025 6:36:52 P.M. utils.MySQLConnection connect
INFO: Conexión exitosa a la base de datos
jun 02, 2025 6:36:59 P.M. utils.MySQLConnection connect
INFO: Conexión exitosa a la base de datos
jun 02, 2025 6:37:11 P.M. utils.MySQLConnection connect
INFO: Conexión exitosa a la base de datos
jun 02, 2025 6:37:12 P.M. utils.MySQLConnection connect
INFO: Conexión exitosa a la base de datos
jun 02, 2025 6:37:13 P.M. utils.MySQLConnection connect
INFO: Conexión exitosa a la base de datos
jun 02, 2025 6:37:21 P.M. utils.MySQLConnection connect
INFO: Conexión exitosa a la base de datos
jun 02, 2025 6:37:22 P.M. utils.MySQLConnection connect
INFO: Conexión exitosa a la base de datos
jun 02, 2025 6:37:33 P.M. utils.MySQLConnection connect
INFO: Conexión exitosa a la base de datos
jun 02, 2025 6:37:37 P.M. utils.MySQLConnection connect
INFO: Conexión exitosa a la base de datos
jun 02, 2025 6:37:37 P.M. utils.MySQLConnection connect
INFO: Conexión exitosa a la base de datos
Jun 02, 2025 6:22:19 PM utils.MySQLConnection connect
INFO: Conexión exitosa a la base de datos
Jun 02, 2025 6:22:38 PM utils.MySQLConnection connect
INFO: Conexión exitosa a la base de datos
Jun 02, 2025 6:22:39 PM utils.MySQLConnection connect
INFO: Conexión exitosa a la base de datos
Jun 02, 2025 6:22:52 PM utils.MySQLConnection connect
INFO: Conexión exitosa a la base de datos
Jun 02, 2025 6:22:58 PM utils.MySQLConnection connect
INFO: Conexión exitosa a la base de datos
Jun 02, 2025 6:23:03 PM utils.MySQLConnection connect
INFO: Conexión exitosa a la base de datos
Jun 02, 2025 6:23:23 PM utils.MySQLConnection connect
INFO: Conexión exitosa a la base de datos
Jun 02, 2025 6:30:27 PM utils.MySQLConnection connect
INFO: Conexión exitosa a la base de datos
Jun 02, 2025 6:31:19 PM utils.MySQLConnection connect
INFO: Conexión exitosa a la base de datos
Jun 02, 2025 6:31:27 PM utils.MySQLConnection connect
INFO: Conexión exitosa a la base de datos
Jun 02, 2025 6:31:28 PM utils.MySQLConnection connect
INFO: Conexión exitosa a la base de datos
Jun 02, 2025 6:31:45 PM utils.MySQLConnection connect
INFO: Conexión exitosa a la base de datos
Jun 02, 2025 6:31:46 PM utils.MySQLConnection connect
INFO: Conexión exitosa a la base de datos
Jun 02, 2025 6:32:06 PM utils.MySQLConnection connect
INFO: Conexión exitosa a la base de datos
Jun 02, 2025 6:32:13 PM utils.MySQLConnection connect
INFO: Conexión exitosa a la base de datos
Jun 02, 2025 6:32:17 PM utils.MySQLConnection connect
INFO: Conexión exitosa a la base de datos
Jun 02, 2025 6:33:17 PM utils.MySQLConnection connect
INFO: Conexión exitosa a la base de datos
Jun 02, 2025 6:33:25 PM utils.MySQLConnection connect
INFO: Conexión exitosa a la base de datos
Jun 02, 2025 6:33:26 PM utils.MySQLConnection connect
INFO: Conexión exitosa a la base de datos
Jun 02, 2025 6:33:58 PM utils.MySQLConnection connect
INFO: Conexión exitosa a la base de datos
Jun 02, 2025 6:34:02 PM utils.MySQLConnection connect
INFO: Conexión exitosa a la base de datos
Jun 02, 2025 6:34:11 PM utils.MySQLConnection connect
INFO: Conexión exitosa a la base de datos
Jun 02, 2025 6:34:14 PM utils.MySQLConnection connect
INFO: Conexión exitosa a la base de datos
Jun 02, 2025 6:35:30 PM utils.MySQLConnection connect
INFO: Conexión exitosa a la base de datos
Jun 02, 2025 6:35:37 PM utils.MySQLConnection connect
INFO: Conexión exitosa a la base de datos
Jun 02, 2025 6:37:44 PM utils.MySQLConnection connect
INFO: Conexión exitosa a la base de datos
Jun 02, 2025 6:41:34 PM utils.MySQLConnection connect
INFO: Conexión exitosa a la base de datos
Jun 02, 2025 6:51:28 PM utils.MySQLConnection connect
INFO: Conexión exitosa a la base de datos
Jun 02, 2025 6:51:49 PM utils.MySQLConnection connect
INFO: Conexión exitosa a la base de datos
Jun 02, 2025 6:51:51 PM utils.MySQLConnection connect
INFO: Conexión exitosa a la base de datos
Jun 02, 2025 6:52:37 PM utils.MySQLConnection connect
INFO: Conexión exitosa a la base de datos
Jun 02, 2025 6:53:01 PM utils.MySQLConnection connect
INFO: Conexión exitosa a la base de datos
Jun 02, 2025 6:53:02 PM utils.MySQLConnection connect
INFO: Conexión exitosa a la base de datos
Jun 02, 2025 6:57:13 PM utils.MySQLConnection connect
INFO: Conexión exitosa a la base de datos
Jun 02, 2025 6:59:52 PM utils.MySQLConnection connect
INFO: Conexión exitosa a la base de datos
Jun 02, 2025 7:01:00 PM utils.MySQLConnection connect
INFO: Conexión exitosa a la base de datos
Jun 02, 2025 10:10:50 PM utils.MySQLConnection connect
INFO: Conexión exitosa a la base de datos
Jun 02, 2025 10:20:10 PM utils.MySQLConnection connect
INFO: Conexión exitosa a la base de datos
Jun 02, 2025 10:20:50 PM utils.MySQLConnection connect
INFO: Conexión exitosa a la base de datos
Jun 02, 2025 10:27:17 PM utils.MySQLConnection connect
INFO: Conexión exitosa a la base de datos
Jun 02, 2025 10:45:15 PM utils.MySQLConnection connect
INFO: Conexión exitosa a la base de datos
Jun 02, 2025 10:53:35 PM utils.MySQLConnection connect
INFO: Conexión exitosa a la base de datos
Jun 02, 2025 10:57:27 PM utils.MySQLConnection connect
INFO: Conexión exitosa a la base de datos
Jun 02, 2025 11:04:29 PM utils.MySQLConnection connect
INFO: Conexión exitosa a la base de datos
Jun 02, 2025 11:08:54 PM utils.MySQLConnection connect
INFO: Conexión exitosa a la base de datos
Jun 02, 2025 11:09:35 PM utils.MySQLConnection connect
INFO: Conexión exitosa a la base de datos
Jun 02, 2025 11:09:45 PM utils.MySQLConnection connect
INFO: Conexión exitosa a la base de datos
Jun 02, 2025 11:09:53 PM utils.MySQLConnection connect
INFO: Conexión exitosa a la base de datos
Jun 02, 2025 11:10:11 PM utils.MySQLConnection connect
INFO: Conexión exitosa a la base de datos
Jun 02, 2025 11:13:13 PM utils.MySQLConnection connect
INFO: Conexión exitosa a la base de datos
Jun 02, 2025 11:13:39 PM utils.MySQLConnection connect
INFO: Conexión exitosa a la base de datos
Jun 02, 2025 11:22:39 PM utils.MySQLConnection connect
INFO: Conexión exitosa a la base de datos
Jun 02, 2025 11:22:58 PM utils.MySQLConnection connect
INFO: Conexión exitosa a la base de datos
Jun 02, 2025 11:34:49 PM utils.MySQLConnection connect
INFO: Conexión exitosa a la base de datos
Jun 02, 2025 11:38:19 PM utils.MySQLConnection connect
INFO: Conexión exitosa a la base de datos
Jun 02, 2025 11:48:39 PM utils.MySQLConnection connect
INFO: Conexión exitosa a la base de datos
Jun 02, 2025 11:49:41 PM utils.MySQLConnection connect
INFO: Conexión exitosa a la base de datos
Jun 02, 2025 11:51:40 PM utils.MySQLConnection connect
INFO: Conexión exitosa a la base de datos
Jun 02, 2025 11:52:42 PM utils.MySQLConnection connect
INFO: Conexión exitosa a la base de datos
Jun 02, 2025 11:53:32 PM utils.MySQLConnection connect
INFO: Conexión exitosa a la base de datos
Jun 02, 2025 11:53:59 PM utils.MySQLConnection connect
INFO: Conexión exitosa a la base de datos
Jun 02, 2025 11:54:11 PM utils.MySQLConnection connect
INFO: Conexión exitosa a la base de datos
Jun 02, 2025 11:55:35 PM utils.MySQLConnection connect
INFO: Conexión exitosa a la base de datos
Jun 03, 2025 12:11:20 AM utils.MySQLConnection connect
INFO: Conexión exitosa a la base de datos
Jun 03, 2025 12:12:26 AM utils.MySQLConnection connect
INFO: Conexión exitosa a la base de datos
Jun 03, 2025 12:12:34 AM utils.MySQLConnection connect
INFO: Conexión exitosa a la base de datos
Jun 03, 2025 12:12:44 AM utils.MySQLConnection connect
INFO: Conexión exitosa a la base de datos
Jun 03, 2025 12:12:53 AM utils.MySQLConnection connect
INFO: Conexión exitosa a la base de datos
Jun 03, 2025 12:13:03 AM utils.MySQLConnection connect
INFO: Conexión exitosa a la base de datos
Jun 03, 2025 12:14:14 AM utils.MySQLConnection connect
INFO: Conexión exitosa a la base de datos
Jun 03, 2025 12:15:00 AM utils.MySQLConnection connect
INFO: Conexión exitosa a la base de datos
Jun 03, 2025 12:15:11 AM utils.MySQLConnection connect
INFO: Conexión exitosa a la base de datos
Jun 03, 2025 12:16:10 AM utils.MySQLConnection connect
INFO: Conexión exitosa a la base de datos
Jun 03, 2025 12:17:17 AM utils.MySQLConnection connect
INFO: Conexión exitosa a la base de datos
Jun 03, 2025 12:17:32 AM utils.MySQLConnection connect
INFO: Conexión exitosa a la base de datos
Jun 03, 2025 12:17:58 AM utils.MySQLConnection connect
INFO: Conexión exitosa a la base de datos
Jun 03, 2025 12:18:06 AM utils.MySQLConnection connect
INFO: Conexión exitosa a la base de datos
Jun 03, 2025 12:19:15 AM utils.MySQLConnection connect
INFO: Conexión exitosa a la base de datos
Jun 03, 2025 12:19:32 AM utils.MySQLConnection connect
INFO: Conexión exitosa a la base de datos
Jun 03, 2025 12:19:41 AM utils.MySQLConnection connect
INFO: Conexión exitosa a la base de datos
Jun 03, 2025 12:19:49 AM utils.MySQLConnection connect
INFO: Conexión exitosa a la base de datos
Jun 03, 2025 12:19:57 AM utils.MySQLConnection connect
INFO: Conexión exitosa a la base de datos
Jun 03, 2025 12:20:07 AM utils.MySQLConnection connect
INFO: Conexión exitosa a la base de datos
Jun 03, 2025 12:44:43 AM utils.MySQLConnection connect
INFO: Conexión exitosa a la base de datos
Jun 03, 2025 12:46:11 AM utils.MySQLConnection connect
INFO: Conexión exitosa a la base de datos
Jun 03, 2025 12:48:31 AM utils.MySQLConnection connect
INFO: Conexión exitosa a la base de datos
jun 02, 2025 8:44:49 P.M. utils.MySQLConnection connect
INFO: Conexión exitosa a la base de datos
jun 02, 2025 8:44:54 P.M. utils.MySQLConnection connect
INFO: Conexión exitosa a la base de datos
jun 02, 2025 8:44:55 P.M. utils.MySQLConnection connect
INFO: Conexión exitosa a la base de datos
jun 02, 2025 8:44:57 P.M. utils.MySQLConnection connect
INFO: Conexión exitosa a la base de datos
jun 02, 2025 8:44:58 P.M. utils.MySQLConnection connect
INFO: Conexión exitosa a la base de datos
jun 02, 2025 8:45:00 P.M. utils.MySQLConnection connect
INFO: Conexión exitosa a la base de datos
jun 02, 2025 8:45:01 P.M. utils.MySQLConnection connect
INFO: Conexión exitosa a la base de datos
jun 02, 2025 8:45:02 P.M. utils.MySQLConnection connect
INFO: Conexión exitosa a la base de datos
jun 02, 2025 8:45:03 P.M. utils.MySQLConnection connect
INFO: Conexión exitosa a la base de datos
jun 02, 2025 8:45:05 P.M. utils.MySQLConnection connect
INFO: Conexión exitosa a la base de datos
jun 02, 2025 8:45:06 P.M. utils.MySQLConnection connect
INFO: Conexión exitosa a la base de datos
jun 02, 2025 8:45:07 P.M. utils.MySQLConnection connect
INFO: Conexión exitosa a la base de datos
jun 02, 2025 8:45:09 P.M. utils.MySQLConnection connect
INFO: Conexión exitosa a la base de datos
jun 02, 2025 8:45:11 P.M. utils.MySQLConnection connect
INFO: Conexión exitosa a la base de datos
jun 02, 2025 8:45:12 P.M. utils.MySQLConnection connect
INFO: Conexión exitosa a la base de datos
jun 02, 2025 8:45:15 P.M. utils.MySQLConnection connect
INFO: Conexión exitosa a la base de datos
jun 02, 2025 8:45:15 P.M. utils.MySQLConnection connect
INFO: Conexión exitosa a la base de datos
jun 02, 2025 8:45:27 P.M. utils.MySQLConnection connect
INFO: Conexión exitosa a la base de datos
jun 02, 2025 8:45:27 P.M. utils.MySQLConnection connect
INFO: Conexión exitosa a la base de datos
jun 02, 2025 8:45:45 P.M. utils.MySQLConnection connect
INFO: Conexión exitosa a la base de datos
jun 02, 2025 8:45:45 P.M. utils.MySQLConnection connect
INFO: Conexión exitosa a la base de datos
jun 02, 2025 8:45:59 P.M. utils.MySQLConnection connect
INFO: Conexión exitosa a la base de datos
jun 02, 2025 8:46:03 P.M. utils.MySQLConnection connect
INFO: Conexión exitosa a la base de datos
jun 02, 2025 8:46:04 P.M. utils.MySQLConnection connect
INFO: Conexión exitosa a la base de datos
jun 02, 2025 8:46:10 P.M. utils.MySQLConnection connect
INFO: Conexión exitosa a la base de datos
jun 02, 2025 8:46:11 P.M. utils.MySQLConnection connect
INFO: Conexión exitosa a la base de datos
jun 02, 2025 8:46:21 P.M. utils.MySQLConnection connect
INFO: Conexión exitosa a la base de datos
jun 02, 2025 8:46:23 P.M. utils.MySQLConnection connect
INFO: Conexión exitosa a la base de datos
jun 02, 2025 8:46:29 P.M. utils.MySQLConnection connect
INFO: Conexión exitosa a la base de datos
jun 02, 2025 8:46:29 P.M. utils.MySQLConnection connect
INFO: Conexión exitosa a la base de datos
jun 02, 2025 8:46:38 P.M. utils.MySQLConnection connect
INFO: Conexión exitosa a la base de datos
jun 02, 2025 8:46:40 P.M. utils.MySQLConnection connect
INFO: Conexión exitosa a la base de datos
jun 02, 2025 8:47:21 P.M. utils.MySQLConnection connect
INFO: Conexión exitosa a la base de datos
jun 02, 2025 8:47:32 P.M. utils.MySQLConnection connect
INFO: Conexión exitosa a la base de datos
jun 02, 2025 8:47:33 P.M. utils.MySQLConnection connect
INFO: Conexión exitosa a la base de datos
jun 02, 2025 8:47:41 P.M. utils.MySQLConnection connect
INFO: Conexión exitosa a la base de datos
jun 02, 2025 8:47:42 P.M. utils.MySQLConnection connect
INFO: Conexión exitosa a la base de datos
jun 02, 2025 8:58:05 P.M. utils.MySQLConnection connect
INFO: Conexión exitosa a la base de datos
jun 02, 2025 8:58:12 P.M. utils.MySQLConnection connect
INFO: Conexión exitosa a la base de datos
jun 02, 2025 8:58:23 P.M. utils.MySQLConnection connect
INFO: Conexión exitosa a la base de datos
jun 02, 2025 8:58:38 P.M. utils.MySQLConnection connect
INFO: Conexión exitosa a la base de datos
jun 02, 2025 8:59:24 P.M. utils.MySQLConnection connect
INFO: Conexión exitosa a la base de datos
jun 02, 2025 9:00:00 P.M. utils.MySQLConnection connect
INFO: Conexión exitosa a la base de datos
jun 02, 2025 9:00:13 P.M. utils.MySQLConnection connect
INFO: Conexión exitosa a la base de datos
jun 02, 2025 9:00:15 P.M. utils.MySQLConnection connect
INFO: Conexión exitosa a la base de datos
jun 02, 2025 9:04:34 P.M. utils.MySQLConnection connect
INFO: Conexión exitosa a la base de datos
jun 02, 2025 9:04:44 P.M. utils.MySQLConnection connect
INFO: Conexión exitosa a la base de datos
jun 02, 2025 9:06:11 P.M. utils.MySQLConnection connect
INFO: Conexión exitosa a la base de datos
jun 02, 2025 9:06:20 P.M. utils.MySQLConnection connect
INFO: Conexión exitosa a la base de datos
jun 02, 2025 9:06:23 P.M. utils.MySQLConnection connect
INFO: Conexión exitosa a la base de datos
jun 02, 2025 9:06:23 P.M. utils.MySQLConnection connect
INFO: Conexión exitosa a la base de datos
jun 02, 2025 9:06:23 P.M. utils.MySQLConnection connect
INFO: Conexión exitosa a la base de datos
jun 02, 2025 9:06:23 P.M. utils.MySQLConnection connect
INFO: Conexión exitosa a la base de datos
jun 02, 2025 9:06:23 P.M. utils.MySQLConnection connect
INFO: Conexión exitosa a la base de datos
jun 02, 2025 9:06:23 P.M. utils.MySQLConnection connect
INFO: Conexión exitosa a la base de datos
jun 02, 2025 9:09:41 P.M. utils.MySQLConnection connect
INFO: Conexión exitosa a la base de datos
jun 02, 2025 9:09:53 P.M. utils.MySQLConnection connect
INFO: Conexión exitosa a la base de datos
jun 02, 2025 9:10:25 P.M. utils.MySQLConnection connect
INFO: Conexión exitosa a la base de datos
jun 02, 2025 9:10:26 P.M. utils.MySQLConnection connect
INFO: Conexión exitosa a la base de datos
jun 02, 2025 9:12:27 P.M. utils.MySQLConnection connect
INFO: Conexión exitosa a la base de datos
jun 02, 2025 9:12:35 P.M. utils.MySQLConnection connect
INFO: Conexión exitosa a la base de datos
jun 02, 2025 9:13:44 P.M. utils.MySQLConnection connect
INFO: Conexión exitosa a la base de datos
jun 02, 2025 9:13:52 P.M. utils.MySQLConnection connect
INFO: Conexión exitosa a la base de datos
jun 02, 2025 9:13:54 P.M. utils.MySQLConnection connect
INFO: Conexión exitosa a la base de datos
jun 02, 2025 9:20:02 P.M. utils.MySQLConnection connect
INFO: Conexión exitosa a la base de datos
jun 02, 2025 9:20:12 P.M. utils.MySQLConnection connect
INFO: Conexión exitosa a la base de datos
jun 02, 2025 9:20:22 P.M. utils.MySQLConnection connect
INFO: Conexión exitosa a la base de datos
jun 02, 2025 9:20:35 P.M. utils.MySQLConnection connect
INFO: Conexión exitosa a la base de datos
jun 02, 2025 9:20:47 P.M. utils.MySQLConnection connect
INFO: Conexión exitosa a la base de datos
jun 02, 2025 9:20:48 P.M. utils.MySQLConnection connect
INFO: Conexión exitosa a la base de datos
jun 02, 2025 9:23:15 P.M. utils.MySQLConnection connect
INFO: Conexión exitosa a la base de datos
jun 02, 2025 9:23:23 P.M. utils.MySQLConnection connect
INFO: Conexión exitosa a la base de datos
jun 02, 2025 9:23:24 P.M. utils.MySQLConnection connect
INFO: Conexión exitosa a la base de datos
jun 02, 2025 9:23:27 P.M. utils.MySQLConnection connect
INFO: Conexión exitosa a la base de datos
jun 02, 2025 9:23:28 P.M. utils.MySQLConnection connect
INFO: Conexión exitosa a la base de datos
jun 02, 2025 9:24:10 P.M. utils.MySQLConnection connect
INFO: Conexión exitosa a la base de datos
jun 02, 2025 9:37:31 P.M. utils.MySQLConnection connect
INFO: Conexión exitosa a la base de datos
jun 02, 2025 9:57:47 P.M. utils.MySQLConnection connect
INFO: Conexión exitosa a la base de datos
jun 02, 2025 10:00:03 P.M. utils.MySQLConnection connect
INFO: Conexión exitosa a la base de datos
jun 02, 2025 10:02:00 P.M. utils.MySQLConnection connect
INFO: Conexión exitosa a la base de datos
jun 02, 2025 10:13:22 P.M. utils.MySQLConnection connect
INFO: Conexión exitosa a la base de datos
jun 03, 2025 12:48:01 A.M. utils.MySQLConnection connect
INFO: Conexión exitosa a la base de datos
jun 03, 2025 1:01:29 A.M. utils.MySQLConnection connect
INFO: Conexión exitosa a la base de datos
jun 03, 2025 1:04:31 A.M. utils.MySQLConnection connect
INFO: Conexión exitosa a la base de datos
jun 03, 2025 1:19:46 A.M. utils.MySQLConnection connect
INFO: Conexión exitosa a la base de datos
jun 03, 2025 1:57:47 A.M. utils.MySQLConnection connect
INFO: Conexión exitosa a la base de datos
jun 03, 2025 1:57:47 A.M. utils.MySQLConnection connect
INFO: Conexión exitosa a la base de datos
jun 03, 2025 1:59:26 A.M. utils.MySQLConnection connect
INFO: Conexión exitosa a la base de datos
jun 03, 2025 1:59:27 A.M. utils.MySQLConnection connect
INFO: Conexión exitosa a la base de datos
jun 03, 2025 2:00:13 A.M. utils.MySQLConnection connect
INFO: Conexión exitosa a la base de datos
jun 03, 2025 2:00:13 A.M. utils.MySQLConnection connect
INFO: Conexión exitosa a la base de datos
jun 03, 2025 2:00:23 A.M. utils.MySQLConnection connect
INFO: Conexión exitosa a la base de datos
jun 03, 2025 2:09:05 A.M. utils.MySQLConnection connect
INFO: Conexión exitosa a la base de datos
jun 03, 2025 2:09:05 A.M. utils.MySQLConnection connect
INFO: Conexión exitosa a la base de datos
jun 03, 2025 2:09:09 A.M. utils.MySQLConnection connect
INFO: Conexión exitosa a la base de datos
jun 03, 2025 2:09:35 A.M. utils.MySQLConnection connect
INFO: Conexión exitosa a la base de datos
jun 03, 2025 2:09:35 A.M. utils.MySQLConnection connect
INFO: Conexión exitosa a la base de datos
jun 03, 2025 2:09:58 A.M. utils.MySQLConnection connect
INFO: Conexión exitosa a la base de datos
jun 03, 2025 2:09:58 A.M. utils.MySQLConnection connect
INFO: Conexión exitosa a la base de datos
jun 03, 2025 2:10:19 A.M. utils.MySQLConnection connect
INFO: Conexión exitosa a la base de datos
jun 03, 2025 2:10:22 A.M. utils.MySQLConnection connect
INFO: Conexión exitosa a la base de datos
jun 03, 2025 2:10:24 A.M. utils.MySQLConnection connect
INFO: Conexión exitosa a la base de datos
jun 03, 2025 2:25:45 A.M. utils.MySQLConnection connect
INFO: Conexión exitosa a la base de datos
jun 03, 2025 2:25:46 A.M. utils.MySQLConnection connect
INFO: Conexión exitosa a la base de datos
jun 03, 2025 2:26:42 A.M. utils.MySQLConnection connect
INFO: Conexión exitosa a la base de datos
jun 03, 2025 2:26:42 A.M. utils.MySQLConnection connect
INFO: Conexión exitosa a la base de datos
jun 03, 2025 2:27:57 A.M. utils.MySQLConnection connect
INFO: Conexión exitosa a la base de datos
jun 03, 2025 2:27:57 A.M. utils.MySQLConnection connect
INFO: Conexión exitosa a la base de datos
jun 03, 2025 2:29:59 A.M. utils.MySQLConnection connect
INFO: Conexión exitosa a la base de datos
jun 03, 2025 2:29:59 A.M. utils.MySQLConnection connect
INFO: Conexión exitosa a la base de datos
jun 03, 2025 2:32:49 A.M. utils.MySQLConnection connect
INFO: Conexión exitosa a la base de datos
jun 03, 2025 2:32:49 A.M. utils.MySQLConnection connect
INFO: Conexión exitosa a la base de datos
jun 03, 2025 2:35:52 A.M. utils.MySQLConnection connect
INFO: Conexión exitosa a la base de datos
jun 03, 2025 2:35:53 A.M. utils.MySQLConnection connect
INFO: Conexión exitosa a la base de datos
jun 03, 2025 2:37:03 A.M. utils.MySQLConnection connect
INFO: Conexión exitosa a la base de datos
jun 03, 2025 2:37:03 A.M. utils.MySQLConnection connect
INFO: Conexión exitosa a la base de datos
jun 03, 2025 2:37:49 A.M. utils.MySQLConnection connect
INFO: Conexión exitosa a la base de datos
jun 03, 2025 2:37:49 A.M. utils.MySQLConnection connect
INFO: Conexión exitosa a la base de datos
jun 03, 2025 2:39:00 A.M. utils.MySQLConnection connect
INFO: Conexión exitosa a la base de datos
jun 03, 2025 2:39:00 A.M. utils.MySQLConnection connect
INFO: Conexión exitosa a la base de datos
jun 03, 2025 2:39:43 A.M. utils.MySQLConnection connect
INFO: Conexión exitosa a la base de datos
jun 03, 2025 2:39:43 A.M. utils.MySQLConnection connect
INFO: Conexión exitosa a la base de datos
jun 03, 2025 2:41:39 A.M. utils.MySQLConnection connect
INFO: Conexión exitosa a la base de datos
jun 03, 2025 2:41:39 A.M. utils.MySQLConnection connect
INFO: Conexión exitosa a la base de datos
jun 03, 2025 2:41:59 A.M. utils.MySQLConnection connect
INFO: Conexión exitosa a la base de datos
jun 03, 2025 2:42:05 A.M. utils.MySQLConnection connect
INFO: Conexión exitosa a la base de datos
jun 03, 2025 2:42:06 A.M. utils.MySQLConnection connect
INFO: Conexión exitosa a la base de datos
jun 03, 2025 2:46:48 A.M. utils.MySQLConnection connect
INFO: Conexión exitosa a la base de datos
jun 03, 2025 2:46:48 A.M. utils.MySQLConnection connect
INFO: Conexión exitosa a la base de datos
jun 03, 2025 2:46:55 A.M. utils.MySQLConnection connect
INFO: Conexión exitosa a la base de datos
jun 03, 2025 2:48:27 A.M. utils.MySQLConnection connect
INFO: Conexión exitosa a la base de datos
jun 03, 2025 2:48:27 A.M. utils.MySQLConnection connect
INFO: Conexión exitosa a la base de datos
jun 03, 2025 3:10:27 A.M. utils.MySQLConnection connect
INFO: Conexión exitosa a la base de datos
jun 03, 2025 3:10:27 A.M. utils.MySQLConnection connect
INFO: Conexión exitosa a la base de datos
jun 03, 2025 3:10:33 A.M. utils.MySQLConnection connect
INFO: Conexión exitosa a la base de datos
jun 03, 2025 3:11:07 A.M. utils.MySQLConnection connect
INFO: Conexión exitosa a la base de datos
jun 03, 2025 3:11:07 A.M. utils.MySQLConnection connect
INFO: Conexión exitosa a la base de datos
jun 03, 2025 3:11:18 A.M. utils.MySQLConnection connect
INFO: Conexión exitosa a la base de datos
jun 03, 2025 3:11:20 A.M. utils.MySQLConnection connect
INFO: Conexión exitosa a la base de datos
jun 03, 2025 3:11:28 A.M. utils.MySQLConnection connect
INFO: Conexión exitosa a la base de datos
jun 03, 2025 3:11:29 A.M. utils.MySQLConnection connect
INFO: Conexión exitosa a la base de datos
jun 03, 2025 3:11:33 A.M. utils.MySQLConnection connect
INFO: Conexión exitosa a la base de datos
jun 03, 2025 3:11:34 A.M. utils.MySQLConnection connect
INFO: Conexión exitosa a la base de datos
Jun 03, 2025 1:03:15 AM utils.MySQLConnection connect
INFO: Conexión exitosa a la base de datos
jun 03, 2025 3:15:04 A.M. utils.MySQLConnection connect
INFO: Conexión exitosa a la base de datos
jun 03, 2025 3:15:04 A.M. utils.MySQLConnection connect
INFO: Conexión exitosa a la base de datos
jun 03, 2025 3:15:22 A.M. utils.MySQLConnection connect
INFO: Conexión exitosa a la base de datos
jun 03, 2025 3:15:34 A.M. utils.MySQLConnection connect
INFO: Conexión exitosa a la base de datos
jun 03, 2025 3:15:35 A.M. utils.MySQLConnection connect
INFO: Conexión exitosa a la base de datos
jun 03, 2025 3:15:39 A.M. utils.MySQLConnection connect
INFO: Conexión exitosa a la base de datos
jun 03, 2025 3:15:41 A.M. utils.MySQLConnection connect
INFO: Conexión exitosa a la base de datos
jun 03, 2025 3:09:21 P.M. utils.MySQLConnection connect
INFO: Conexión exitosa a la base de datos
jun 03, 2025 3:09:21 P.M. utils.MySQLConnection connect
INFO: Conexión exitosa a la base de datos
jun 03, 2025 3:09:37 P.M. utils.MySQLConnection connect
INFO: Conexión exitosa a la base de datos
jun 03, 2025 3:09:51 P.M. utils.MySQLConnection connect
INFO: Conexión exitosa a la base de datos
jun 03, 2025 3:09:52 P.M. utils.MySQLConnection connect
INFO: Conexión exitosa a la base de datos
jun 03, 2025 3:10:10 P.M. utils.MySQLConnection connect
INFO: Conexión exitosa a la base de datos
jun 03, 2025 3:10:11 P.M. utils.MySQLConnection connect
INFO: Conexión exitosa a la base de datos
jun 03, 2025 4:08:29 P.M. utils.MySQLConnection connect
INFO: Conexión exitosa a la base de datos
jun 03, 2025 4:08:30 P.M. utils.MySQLConnection connect
INFO: Conexión exitosa a la base de datos
jun 03, 2025 4:11:59 P.M. utils.MySQLConnection connect
INFO: Conexión exitosa a la base de datos
jun 03, 2025 4:11:59 P.M. utils.MySQLConnection connect
INFO: Conexión exitosa a la base de datos
jun 03, 2025 4:13:01 P.M. utils.MySQLConnection connect
INFO: Conexión exitosa a la base de datos
jun 03, 2025 4:13:01 P.M. utils.MySQLConnection connect
INFO: Conexión exitosa a la base de datos
jun 03, 2025 4:13:28 P.M. utils.MySQLConnection connect
INFO: Conexión exitosa a la base de datos
jun 03, 2025 4:13:31 P.M. utils.MySQLConnection connect
INFO: Conexión exitosa a la base de datos
jun 03, 2025 4:14:44 P.M. utils.MySQLConnection connect
INFO: Conexión exitosa a la base de datos
jun 03, 2025 4:15:28 P.M. utils.MySQLConnection connect
INFO: Conexión exitosa a la base de datos
jun 03, 2025 4:15:30 P.M. utils.MySQLConnection connect
INFO: Conexión exitosa a la base de datos
jun 03, 2025 4:22:50 P.M. utils.MySQLConnection connect
INFO: Conexión exitosa a la base de datos
jun 03, 2025 4:22:50 P.M. utils.MySQLConnection connect
INFO: Conexión exitosa a la base de datos
jun 03, 2025 4:22:53 P.M. utils.MySQLConnection connect
INFO: Conexión exitosa a la base de datos
jun 03, 2025 4:22:55 P.M. utils.MySQLConnection connect
INFO: Conexión exitosa a la base de datos
jun 03, 2025 4:22:56 P.M. utils.MySQLConnection connect
INFO: Conexión exitosa a la base de datos
jun 03, 2025 4:23:11 P.M. utils.MySQLConnection connect
INFO: Conexión exitosa a la base de datos
jun 03, 2025 4:23:21 P.M. utils.MySQLConnection connect
INFO: Conexión exitosa a la base de datos
jun 03, 2025 4:24:19 P.M. utils.MySQLConnection connect
INFO: Conexión exitosa a la base de datos
jun 03, 2025 4:24:20 P.M. utils.MySQLConnection connect
INFO: Conexión exitosa a la base de datos
jun 03, 2025 4:24:34 P.M. utils.MySQLConnection connect
INFO: Conexión exitosa a la base de datos
jun 03, 2025 4:24:35 P.M. utils.MySQLConnection connect
INFO: Conexión exitosa a la base de datos
jun 03, 2025 4:24:48 P.M. utils.MySQLConnection connect
INFO: Conexión exitosa a la base de datos
jun 03, 2025 4:24:49 P.M. utils.MySQLConnection connect
INFO: Conexión exitosa a la base de datos
jun 03, 2025 4:25:29 P.M. utils.MySQLConnection connect
INFO: Conexión exitosa a la base de datos
jun 03, 2025 4:25:30 P.M. utils.MySQLConnection connect
INFO: Conexión exitosa a la base de datos
jun 03, 2025 4:34:24 P.M. utils.MySQLConnection connect
INFO: Conexión exitosa a la base de datos
jun 03, 2025 4:34:24 P.M. utils.MySQLConnection connect
INFO: Conexión exitosa a la base de datos
jun 03, 2025 4:34:27 P.M. utils.MySQLConnection connect
INFO: Conexión exitosa a la base de datos
jun 03, 2025 4:34:43 P.M. utils.MySQLConnection connect
INFO: Conexión exitosa a la base de datos
jun 03, 2025 4:34:44 P.M. utils.MySQLConnection connect
INFO: Conexión exitosa a la base de datos
jun 03, 2025 4:40:51 P.M. utils.MySQLConnection connect
INFO: Conexión exitosa a la base de datos
jun 03, 2025 4:40:51 P.M. utils.MySQLConnection connect
INFO: Conexión exitosa a la base de datos
jun 03, 2025 4:40:53 P.M. utils.MySQLConnection connect
INFO: Conexión exitosa a la base de datos
jun 03, 2025 4:41:00 P.M. utils.MySQLConnection connect
INFO: Conexión exitosa a la base de datos
jun 03, 2025 4:41:02 P.M. utils.MySQLConnection connect
INFO: Conexión exitosa a la base de datos
jun 03, 2025 4:47:55 P.M. utils.MySQLConnection connect
INFO: Conexión exitosa a la base de datos
jun 03, 2025 4:47:56 P.M. utils.MySQLConnection connect
INFO: Conexión exitosa a la base de datos
jun 03, 2025 4:47:59 P.M. utils.MySQLConnection connect
INFO: Conexión exitosa a la base de datos
jun 03, 2025 4:48:04 P.M. utils.MySQLConnection connect
INFO: Conexión exitosa a la base de datos
jun 03, 2025 4:48:05 P.M. utils.MySQLConnection connect
INFO: Conexión exitosa a la base de datos
jun 03, 2025 4:48:11 P.M. utils.MySQLConnection connect
INFO: Conexión exitosa a la base de datos
jun 03, 2025 4:48:17 P.M. utils.MySQLConnection connect
INFO: Conexión exitosa a la base de datos
jun 03, 2025 4:48:18 P.M. utils.MySQLConnection connect
INFO: Conexión exitosa a la base de datos
jun 03, 2025 4:49:02 P.M. utils.MySQLConnection connect
INFO: Conexión exitosa a la base de datos
jun 03, 2025 4:49:28 P.M. utils.MySQLConnection connect
INFO: Conexión exitosa a la base de datos
jun 03, 2025 4:49:29 P.M. utils.MySQLConnection connect
INFO: Conexión exitosa a la base de datos
jun 03, 2025 4:49:31 P.M. utils.MySQLConnection connect
INFO: Conexión exitosa a la base de datos
jun 03, 2025 4:49:32 P.M. utils.MySQLConnection connect
INFO: Conexión exitosa a la base de datos
jun 03, 2025 4:49:49 P.M. utils.MySQLConnection connect
INFO: Conexión exitosa a la base de datos
jun 03, 2025 4:50:10 P.M. utils.MySQLConnection connect
INFO: Conexión exitosa a la base de datos
jun 03, 2025 4:50:13 P.M. utils.MySQLConnection connect
INFO: Conexión exitosa a la base de datos
jun 03, 2025 4:50:26 P.M. utils.MySQLConnection connect
INFO: Conexión exitosa a la base de datos
jun 03, 2025 4:50:27 P.M. utils.MySQLConnection connect
INFO: Conexión exitosa a la base de datos
jun 03, 2025 4:51:21 P.M. utils.MySQLConnection connect
INFO: Conexión exitosa a la base de datos
jun 03, 2025 4:51:21 P.M. utils.MySQLConnection connect
INFO: Conexión exitosa a la base de datos
jun 03, 2025 4:52:00 P.M. utils.MySQLConnection connect
INFO: Conexión exitosa a la base de datos
jun 03, 2025 4:52:26 P.M. utils.MySQLConnection connect
INFO: Conexión exitosa a la base de datos
jun 03, 2025 4:52:45 P.M. utils.MySQLConnection connect
INFO: Conexión exitosa a la base de datos
jun 03, 2025 4:52:47 P.M. utils.MySQLConnection connect
INFO: Conexión exitosa a la base de datos
jun 03, 2025 4:53:44 P.M. utils.MySQLConnection connect
INFO: Conexión exitosa a la base de datos
jun 03, 2025 4:58:28 P.M. utils.MySQLConnection connect
INFO: Conexión exitosa a la base de datos
jun 03, 2025 4:58:29 P.M. utils.MySQLConnection connect
INFO: Conexión exitosa a la base de datos
jun 03, 2025 4:58:31 P.M. utils.MySQLConnection connect
INFO: Conexión exitosa a la base de datos
jun 03, 2025 4:58:32 P.M. utils.MySQLConnection connect
INFO: Conexión exitosa a la base de datos
jun 03, 2025 5:22:58 P.M. utils.MySQLConnection connect
INFO: Conexión exitosa a la base de datos
jun 03, 2025 5:22:58 P.M. utils.MySQLConnection connect
INFO: Conexión exitosa a la base de datos
jun 03, 2025 5:26:43 P.M. utils.MySQLConnection connect
INFO: Conexión exitosa a la base de datos
jun 03, 2025 5:26:43 P.M. utils.MySQLConnection connect
INFO: Conexión exitosa a la base de datos
jun 03, 2025 5:34:51 P.M. utils.MySQLConnection connect
INFO: Conexión exitosa a la base de datos
jun 03, 2025 5:34:52 P.M. utils.MySQLConnection connect
INFO: Conexión exitosa a la base de datos
jun 03, 2025 5:35:11 P.M. utils.MySQLConnection connect
INFO: Conexión exitosa a la base de datos
jun 03, 2025 5:35:11 P.M. utils.MySQLConnection connect
INFO: Conexión exitosa a la base de datos
